                      :-) GROMACS - gmx mdrun, 2022.3 (-:

Copyright 1991-2022 The GROMACS Authors.
GROMACS is free software; you can redistribute it and/or modify it
under the terms of the GNU Lesser General Public License
as published by the Free Software Foundation; either version 2.1
of the License, or (at your option) any later version.

                         Current GROMACS contributors:
       Mark Abraham           Andrey Alekseenko           Cathrine Bergh      
      Christian Blau            Eliane Briand               Kevin Boyd        
     Oliver Fleetwood         Stefan Fleischmann           Vytas Gapsys       
       Gaurav Garg           Gilles Gouaillardet            Alan Gray         
      Victor Holanda           M. Eric Irrgang              Joe Jordan        
    Christoph Junghans        Prashanth Kanduri           Sebastian Kehl      
     Sebastian Keller          Carsten Kutzner           Magnus Lundborg      
       Pascal Merz              Dmitry Morozov             Szilard Pall       
      Roland Schulz             Michael Shirts         David van der Spoel    
     Alessandra Villa      Sebastian Wingbermuehle        Artem Zhmurov       

                         Previous GROMACS contributors:
        Emile Apol             Rossen Apostolov           James Barnett       
  Herman J.C. Berendsen          Par Bjelkmar           Viacheslav Bolnykh    
    Aldert van Buuren          Carlo Camilloni           Rudi van Drunen      
      Anton Feenstra           Gerrit Groenhof            Bert de Groot       
      Anca Hamuraru           Vincent Hindriksen         Aleksei Iupinov      
   Dimitrios Karkoulis           Peter Kasson               Jiri Kraus        
       Per Larsson             Justin A. Lemkul           Viveca Lindahl      
      Erik Marklund           Pieter Meulenhoff           Vedran Miletic      
      Teemu Murtola              Sander Pronk            Alexey Shvetsov      
      Alfons Sijbers            Peter Tieleman             Jon Vincent        
     Teemu Virolainen         Christian Wennberg           Maarten Wolf       

                  Coordinated by the GROMACS project leaders:
                    Paul Bauer, Berk Hess, and Erik Lindahl

GROMACS:      gmx mdrun, version 2022.3
Executable:   /home/pecosa/gromacs-2022.3/build-gpu/bin/gmx
Data prefix:  /home/pecosa/gromacs-2022.3 (source tree)
Working dir:  /home/pecosa/20_UPCH_MDS
Process ID:   52110
Command line:
  gmx mdrun -deffnm npt -nb gpu

GROMACS version:    2022.3
Precision:          mixed
Memory model:       64 bit
MPI library:        thread_mpi
OpenMP support:     enabled (GMX_OPENMP_MAX_THREADS = 128)
GPU support:        CUDA
SIMD instructions:  AVX2_256
CPU FFT library:    fftw-3.3.8-sse2-avx
GPU FFT library:    cuFFT
RDTSCP usage:       enabled
TNG support:        enabled
Hwloc support:      disabled
Tracing support:    disabled
C compiler:         /usr/bin/cc GNU 9.4.0
C compiler flags:   -mavx2 -mfma -pthread -Wno-missing-field-initializers -fexcess-precision=fast -funroll-all-loops -O3 -DNDEBUG
C++ compiler:       /usr/bin/c++ GNU 9.4.0
C++ compiler flags: -mavx2 -mfma -pthread -Wno-missing-field-initializers -fexcess-precision=fast -funroll-all-loops -fopenmp -O3 -DNDEBUG
CUDA compiler:      /usr/local/cuda/bin/nvcc nvcc: NVIDIA (R) Cuda compiler driver;Copyright (c) 2005-2022 NVIDIA Corporation;Built on Wed_Jun__8_16:49:14_PDT_2022;Cuda compilation tools, release 11.7, V11.7.99;Build cuda_11.7.r11.7/compiler.31442593_0
CUDA compiler flags:-std=c++17;-gencode;arch=compute_35,code=sm_35;-gencode;arch=compute_37,code=sm_37;-gencode;arch=compute_50,code=sm_50;-gencode;arch=compute_52,code=sm_52;-gencode;arch=compute_60,code=sm_60;-gencode;arch=compute_61,code=sm_61;-gencode;arch=compute_70,code=sm_70;-gencode;arch=compute_75,code=sm_75;-gencode;arch=compute_80,code=sm_80;-Wno-deprecated-gpu-targets;-gencode;arch=compute_53,code=sm_53;-gencode;arch=compute_80,code=sm_80;-use_fast_math;-D_FORCE_INLINES;-mavx2 -mfma -pthread -Wno-missing-field-initializers -fexcess-precision=fast -funroll-all-loops -fopenmp -O3 -DNDEBUG
CUDA driver:        11.70
CUDA runtime:       11.70


Running on 1 node with total 4 cores, 8 processing units, 1 compatible GPU
Hardware detected:
  CPU info:
    Vendor: Intel
    Brand:  Intel(R) Core(TM) i7-7700HQ CPU @ 2.80GHz
    Family: 6   Model: 158   Stepping: 9
    Features: aes apic avx avx2 clfsh cmov cx8 cx16 f16c fma htt intel lahf mmx msr nonstop_tsc pcid pclmuldq pdcm pdpe1gb popcnt pse rdrnd rdtscp sse2 sse3 sse4.1 sse4.2 ssse3 tdt x2apic
  Hardware topology: Basic
    Packages, cores, and logical processors:
    [indices refer to OS logical processors]
      Package  0: [   0   4] [   1   5] [   2   6] [   3   7]
    CPU limit set by OS: -1   Recommended max number of threads: 8
  GPU info:
    Number of GPUs detected: 1
    #0: NVIDIA NVIDIA GeForce GTX 1060, compute cap.: 6.1, ECC:  no, stat: compatible


++++ PLEASE READ AND CITE THE FOLLOWING REFERENCE ++++
M. J. Abraham, T. Murtola, R. Schulz, S. Páll, J. C. Smith, B. Hess, E.
Lindahl
GROMACS: High performance molecular simulations through multi-level
parallelism from laptops to supercomputers
SoftwareX 1 (2015) pp. 19-25
-------- -------- --- Thank You --- -------- --------


++++ PLEASE READ AND CITE THE FOLLOWING REFERENCE ++++
S. Páll, M. J. Abraham, C. Kutzner, B. Hess, E. Lindahl
Tackling Exascale Software Challenges in Molecular Dynamics Simulations with
GROMACS
In S. Markidis & E. Laure (Eds.), Solving Software Challenges for Exascale 8759 (2015) pp. 3-27
-------- -------- --- Thank You --- -------- --------


++++ PLEASE READ AND CITE THE FOLLOWING REFERENCE ++++
S. Pronk, S. Páll, R. Schulz, P. Larsson, P. Bjelkmar, R. Apostolov, M. R.
Shirts, J. C. Smith, P. M. Kasson, D. van der Spoel, B. Hess, and E. Lindahl
GROMACS 4.5: a high-throughput and highly parallel open source molecular
simulation toolkit
Bioinformatics 29 (2013) pp. 845-54
-------- -------- --- Thank You --- -------- --------


++++ PLEASE READ AND CITE THE FOLLOWING REFERENCE ++++
B. Hess and C. Kutzner and D. van der Spoel and E. Lindahl
GROMACS 4: Algorithms for highly efficient, load-balanced, and scalable
molecular simulation
J. Chem. Theory Comput. 4 (2008) pp. 435-447
-------- -------- --- Thank You --- -------- --------


++++ PLEASE READ AND CITE THE FOLLOWING REFERENCE ++++
D. van der Spoel, E. Lindahl, B. Hess, G. Groenhof, A. E. Mark and H. J. C.
Berendsen
GROMACS: Fast, Flexible and Free
J. Comp. Chem. 26 (2005) pp. 1701-1719
-------- -------- --- Thank You --- -------- --------


++++ PLEASE READ AND CITE THE FOLLOWING REFERENCE ++++
E. Lindahl and B. Hess and D. van der Spoel
GROMACS 3.0: A package for molecular simulation and trajectory analysis
J. Mol. Mod. 7 (2001) pp. 306-317
-------- -------- --- Thank You --- -------- --------


++++ PLEASE READ AND CITE THE FOLLOWING REFERENCE ++++
H. J. C. Berendsen, D. van der Spoel and R. van Drunen
GROMACS: A message-passing parallel molecular dynamics implementation
Comp. Phys. Comm. 91 (1995) pp. 43-56
-------- -------- --- Thank You --- -------- --------


++++ PLEASE CITE THE DOI FOR THIS VERSION OF GROMACS ++++
https://doi.org/10.5281/zenodo.7037338
-------- -------- --- Thank You --- -------- --------

Input Parameters:
   integrator                     = md
   tinit                          = 0
   dt                             = 0.002
   nsteps                         = 50000
   init-step                      = 0
   simulation-part                = 1
   mts                            = false
   comm-mode                      = Linear
   nstcomm                        = 100
   bd-fric                        = 0
   ld-seed                        = 2113863659
   emtol                          = 10
   emstep                         = 0.01
   niter                          = 20
   fcstep                         = 0
   nstcgsteep                     = 1000
   nbfgscorr                      = 10
   rtpi                           = 0.05
   nstxout                        = 500
   nstvout                        = 500
   nstfout                        = 0
   nstlog                         = 500
   nstcalcenergy                  = 100
   nstenergy                      = 500
   nstxout-compressed             = 0
   compressed-x-precision         = 1000
   cutoff-scheme                  = Verlet
   nstlist                        = 10
   pbc                            = xyz
   periodic-molecules             = false
   verlet-buffer-tolerance        = 0.005
   rlist                          = 1
   coulombtype                    = PME
   coulomb-modifier               = Potential-shift
   rcoulomb-switch                = 0
   rcoulomb                       = 1
   epsilon-r                      = 1
   epsilon-rf                     = inf
   vdw-type                       = Cut-off
   vdw-modifier                   = Potential-shift
   rvdw-switch                    = 0
   rvdw                           = 1
   DispCorr                       = EnerPres
   table-extension                = 1
   fourierspacing                 = 0.16
   fourier-nx                     = 24
   fourier-ny                     = 24
   fourier-nz                     = 24
   pme-order                      = 4
   ewald-rtol                     = 1e-05
   ewald-rtol-lj                  = 0.001
   lj-pme-comb-rule               = Geometric
   ewald-geometry                 = 3d
   epsilon-surface                = 0
   tcoupl                         = V-rescale
   nsttcouple                     = 10
   nh-chain-length                = 0
   print-nose-hoover-chain-variables = false
   pcoupl                         = Parrinello-Rahman
   pcoupltype                     = Isotropic
   nstpcouple                     = 10
   tau-p                          = 2
   compressibility (3x3):
      compressibility[    0]={ 4.50000e-05,  0.00000e+00,  0.00000e+00}
      compressibility[    1]={ 0.00000e+00,  4.50000e-05,  0.00000e+00}
      compressibility[    2]={ 0.00000e+00,  0.00000e+00,  4.50000e-05}
   ref-p (3x3):
      ref-p[    0]={ 1.00000e+00,  0.00000e+00,  0.00000e+00}
      ref-p[    1]={ 0.00000e+00,  1.00000e+00,  0.00000e+00}
      ref-p[    2]={ 0.00000e+00,  0.00000e+00,  1.00000e+00}
   refcoord-scaling               = COM
   posres-com (3):
      posres-com[0]= 5.16536e-01
      posres-com[1]= 4.84909e-01
      posres-com[2]= 5.09575e-01
   posres-comB (3):
      posres-comB[0]= 5.16536e-01
      posres-comB[1]= 4.84909e-01
      posres-comB[2]= 5.09575e-01
   QMMM                           = false
qm-opts:
   ngQM                           = 0
   constraint-algorithm           = Lincs
   continuation                   = true
   Shake-SOR                      = false
   shake-tol                      = 0.0001
   lincs-order                    = 4
   lincs-iter                     = 1
   lincs-warnangle                = 30
   nwall                          = 0
   wall-type                      = 9-3
   wall-r-linpot                  = -1
   wall-atomtype[0]               = -1
   wall-atomtype[1]               = -1
   wall-density[0]                = 0
   wall-density[1]                = 0
   wall-ewald-zfac                = 3
   pull                           = false
   awh                            = false
   rotation                       = false
   interactiveMD                  = false
   disre                          = No
   disre-weighting                = Conservative
   disre-mixed                    = false
   dr-fc                          = 1000
   dr-tau                         = 0
   nstdisreout                    = 100
   orire-fc                       = 0
   orire-tau                      = 0
   nstorireout                    = 100
   free-energy                    = no
   cos-acceleration               = 0
   deform (3x3):
      deform[    0]={ 0.00000e+00,  0.00000e+00,  0.00000e+00}
      deform[    1]={ 0.00000e+00,  0.00000e+00,  0.00000e+00}
      deform[    2]={ 0.00000e+00,  0.00000e+00,  0.00000e+00}
   simulated-tempering            = false
   swapcoords                     = no
   userint1                       = 0
   userint2                       = 0
   userint3                       = 0
   userint4                       = 0
   userreal1                      = 0
   userreal2                      = 0
   userreal3                      = 0
   userreal4                      = 0
   applied-forces:
     electric-field:
       x:
         E0                       = 0
         omega                    = 0
         t0                       = 0
         sigma                    = 0
       y:
         E0                       = 0
         omega                    = 0
         t0                       = 0
         sigma                    = 0
       z:
         E0                       = 0
         omega                    = 0
         t0                       = 0
         sigma                    = 0
     density-guided-simulation:
       active                     = false
       group                      = protein
       similarity-measure         = inner-product
       atom-spreading-weight      = unity
       force-constant             = 1e+09
       gaussian-transform-spreading-width = 0.2
       gaussian-transform-spreading-range-in-multiples-of-width = 4
       reference-density-filename = reference.mrc
       nst                        = 1
       normalize-densities        = true
       adaptive-force-scaling     = false
       adaptive-force-scaling-time-constant = 4
       shift-vector               = 
       transformation-matrix      = 
     qmmm-cp2k:
       active                     = false
       qmgroup                    = System
       qmmethod                   = PBE
       qmfilenames                = 
       qmcharge                   = 0
       qmmultiplicity             = 1
grpopts:
   nrdf:     256.925     9981.08
   ref-t:         300         300
   tau-t:         0.1         0.1
annealing:          No          No
annealing-npoints:           0           0
   acc:	           0           0           0
   nfreeze:           N           N           N
   energygrp-flags[  0]: 0

Changing nstlist from 10 to 100, rlist from 1 to 1.156

When checking whether update groups are usable:
  Domain decomposition is not active, so there is no need for update groups
1 GPU selected for this run.
Mapping of GPU IDs to the 2 GPU tasks in the 1 rank on this node:
  PP:0,PME:0
PP tasks will do (non-perturbed) short-ranged interactions on the GPU
PP task will update and constrain coordinates on the CPU
PME tasks will do all aspects on the GPU
Using 1 MPI thread
Using 4 OpenMP threads 

Pinning threads with an auto-selected logical cpu stride of 2
System total charge: -0.000
Will do PME sum in reciprocal space for electrostatic interactions.

++++ PLEASE READ AND CITE THE FOLLOWING REFERENCE ++++
U. Essmann, L. Perera, M. L. Berkowitz, T. Darden, H. Lee and L. G. Pedersen 
A smooth particle mesh Ewald method
J. Chem. Phys. 103 (1995) pp. 8577-8592
-------- -------- --- Thank You --- -------- --------

Using a Gaussian width (1/beta) of 0.320163 nm for Ewald
Potential shift: LJ r^-12: -1.000e+00 r^-6: -1.000e+00, Ewald -1.000e-05
Initialized non-bonded Coulomb Ewald tables, spacing: 9.33e-04 size: 1073

Generated table with 1078 data points for 1-4 COUL.
Tabscale = 500 points/nm
Generated table with 1078 data points for 1-4 LJ6.
Tabscale = 500 points/nm
Generated table with 1078 data points for 1-4 LJ12.
Tabscale = 500 points/nm
Long Range LJ corr.: <C6> 2.8610e-04


Using GPU 8x8 nonbonded short-range kernels

Using a dual 8x8 pair-list setup updated with dynamic, rolling pruning:
  outer list: updated every 100 steps, buffer 0.156 nm, rlist 1.156 nm
  inner list: updated every  10 steps, buffer 0.001 nm, rlist 1.001 nm
At tolerance 0.005 kJ/mol/ps per atom, equivalent classical 1x1 list would be:
  outer list: updated every 100 steps, buffer 0.304 nm, rlist 1.304 nm
  inner list: updated every  10 steps, buffer 0.042 nm, rlist 1.042 nm

Using Geometric Lennard-Jones combination rule

Initializing LINear Constraint Solver

++++ PLEASE READ AND CITE THE FOLLOWING REFERENCE ++++
B. Hess and H. Bekker and H. J. C. Berendsen and J. G. E. M. Fraaije
LINCS: A Linear Constraint Solver for molecular simulations
J. Comp. Chem. 18 (1997) pp. 1463-1472
-------- -------- --- Thank You --- -------- --------

The number of constraints is 52

++++ PLEASE READ AND CITE THE FOLLOWING REFERENCE ++++
S. Miyamoto and P. A. Kollman
SETTLE: An Analytical Version of the SHAKE and RATTLE Algorithms for Rigid
Water Models
J. Comp. Chem. 13 (1992) pp. 952-962
-------- -------- --- Thank You --- -------- --------


++++ PLEASE READ AND CITE THE FOLLOWING REFERENCE ++++
G. Bussi, D. Donadio and M. Parrinello
Canonical sampling through velocity rescaling
J. Chem. Phys. 126 (2007) pp. 014101
-------- -------- --- Thank You --- -------- --------

There are: 5095 Atoms
Center of mass motion removal mode is Linear
We have the following groups for center of mass motion removal:
  0:  rest

Started mdrun on rank 0 Tue Jun  4 09:27:16 2024

           Step           Time
              0        0.00000

   Energies (kJ/mol)
           Bond          Angle    Proper Dih. Ryckaert-Bell.          LJ-14
    5.41876e+01    1.67661e+02    2.05968e+01    1.13149e+02    1.47193e+02
     Coulomb-14        LJ (SR)  Disper. corr.   Coulomb (SR)   Coul. recip.
    1.87840e+03    1.00418e+04   -5.69785e+02   -7.98816e+04    5.15982e+02
 Position Rest.      Potential    Kinetic En.   Total Energy  Conserved En.
    7.12281e-03   -6.75124e+04    1.26118e+04   -5.49007e+04   -5.48974e+04
    Temperature Pres. DC (bar) Pressure (bar)   Constr. rmsd
    2.96317e+02   -1.73735e+02   -7.44359e+02    2.82976e-06

           Step           Time
            500        1.00000

   Energies (kJ/mol)
           Bond          Angle    Proper Dih. Ryckaert-Bell.          LJ-14
    7.76642e+01    1.70375e+02    1.05734e+01    1.06572e+02    1.48465e+02
     Coulomb-14        LJ (SR)  Disper. corr.   Coulomb (SR)   Coul. recip.
    1.86562e+03    1.06478e+04   -6.08881e+02   -8.10878e+04    4.37758e+02
 Position Rest.      Potential    Kinetic En.   Total Energy  Conserved En.
    2.80769e+01   -6.82038e+04    1.25692e+04   -5.56345e+04   -5.48835e+04
    Temperature Pres. DC (bar) Pressure (bar)   Constr. rmsd
    2.95318e+02   -1.98362e+02    4.06275e+02    2.31479e-06

           Step           Time
           1000        2.00000

   Energies (kJ/mol)
           Bond          Angle    Proper Dih. Ryckaert-Bell.          LJ-14
    9.71075e+01    1.86209e+02    1.14681e+01    1.09141e+02    1.46533e+02
     Coulomb-14        LJ (SR)  Disper. corr.   Coulomb (SR)   Coul. recip.
    1.87174e+03    1.02338e+04   -5.96100e+02   -8.06505e+04    4.25577e+02
 Position Rest.      Potential    Kinetic En.   Total Energy  Conserved En.
    2.89087e+01   -6.81361e+04    1.26456e+04   -5.54905e+04   -5.48822e+04
    Temperature Pres. DC (bar) Pressure (bar)   Constr. rmsd
    2.97112e+02   -1.90131e+02   -3.00330e+02    3.20993e-06

           Step           Time
           1500        3.00000

   Energies (kJ/mol)
           Bond          Angle    Proper Dih. Ryckaert-Bell.          LJ-14
    5.06851e+01    1.98935e+02    1.09261e+01    1.14685e+02    1.54619e+02
     Coulomb-14        LJ (SR)  Disper. corr.   Coulomb (SR)   Coul. recip.
    1.87782e+03    1.01579e+04   -6.07636e+02   -8.07290e+04    4.42024e+02
 Position Rest.      Potential    Kinetic En.   Total Energy  Conserved En.
    2.96331e+01   -6.82994e+04    1.25255e+04   -5.57738e+04   -5.48787e+04
    Temperature Pres. DC (bar) Pressure (bar)   Constr. rmsd
    2.94291e+02   -1.97552e+02   -7.63276e+01    3.33023e-06

           Step           Time
           2000        4.00000

   Energies (kJ/mol)
           Bond          Angle    Proper Dih. Ryckaert-Bell.          LJ-14
    8.84076e+01    1.56876e+02    1.92768e+01    1.24770e+02    1.49277e+02
     Coulomb-14        LJ (SR)  Disper. corr.   Coulomb (SR)   Coul. recip.
    1.87250e+03    1.03136e+04   -6.03170e+02   -8.11075e+04    4.46292e+02
 Position Rest.      Potential    Kinetic En.   Total Energy  Conserved En.
    2.07579e+01   -6.85188e+04    1.31098e+04   -5.54090e+04   -5.48841e+04
    Temperature Pres. DC (bar) Pressure (bar)   Constr. rmsd
    3.08018e+02   -1.94662e+02   -1.27781e+02    3.14132e-06

           Step           Time
           2500        5.00000

   Energies (kJ/mol)
           Bond          Angle    Proper Dih. Ryckaert-Bell.          LJ-14
    7.05226e+01    1.56592e+02    1.19700e+01    1.21006e+02    1.37458e+02
     Coulomb-14        LJ (SR)  Disper. corr.   Coulomb (SR)   Coul. recip.
    1.84095e+03    9.87963e+03   -6.03148e+02   -8.03694e+04    4.59041e+02
 Position Rest.      Potential    Kinetic En.   Total Energy  Conserved En.
    3.30735e+01   -6.82623e+04    1.25273e+04   -5.57350e+04   -5.48796e+04
    Temperature Pres. DC (bar) Pressure (bar)   Constr. rmsd
    2.94332e+02   -1.94648e+02   -4.79691e+02    2.30652e-06

           Step           Time
           3000        6.00000

   Energies (kJ/mol)
           Bond          Angle    Proper Dih. Ryckaert-Bell.          LJ-14
    7.44314e+01    1.73074e+02    1.17026e+01    1.30243e+02    1.16648e+02
     Coulomb-14        LJ (SR)  Disper. corr.   Coulomb (SR)   Coul. recip.
    1.84934e+03    1.02836e+04   -6.03795e+02   -8.05086e+04    4.40378e+02
 Position Rest.      Potential    Kinetic En.   Total Energy  Conserved En.
    2.24823e+01   -6.80105e+04    1.26392e+04   -5.53712e+04   -5.48861e+04
    Temperature Pres. DC (bar) Pressure (bar)   Constr. rmsd
    2.96962e+02   -1.95066e+02    1.35795e+01    2.46802e-06

           Step           Time
           3500        7.00000

   Energies (kJ/mol)
           Bond          Angle    Proper Dih. Ryckaert-Bell.          LJ-14
    7.88814e+01    1.61465e+02    1.20224e+01    1.17677e+02    1.50294e+02
     Coulomb-14        LJ (SR)  Disper. corr.   Coulomb (SR)   Coul. recip.
    1.86851e+03    1.01039e+04   -6.05581e+02   -8.08490e+04    4.76650e+02
 Position Rest.      Potential    Kinetic En.   Total Energy  Conserved En.
    3.93975e+01   -6.84458e+04    1.29514e+04   -5.54943e+04   -5.48845e+04
    Temperature Pres. DC (bar) Pressure (bar)   Constr. rmsd
    3.04298e+02   -1.96220e+02   -4.41646e+02    3.31834e-06

           Step           Time
           4000        8.00000

   Energies (kJ/mol)
           Bond          Angle    Proper Dih. Ryckaert-Bell.          LJ-14
    6.15934e+01    1.71177e+02    1.45798e+01    1.12397e+02    1.49901e+02
     Coulomb-14        LJ (SR)  Disper. corr.   Coulomb (SR)   Coul. recip.
    1.87893e+03    1.03362e+04   -6.04513e+02   -8.08417e+04    4.50988e+02
 Position Rest.      Potential    Kinetic En.   Total Energy  Conserved En.
    3.63444e+01   -6.82342e+04    1.26174e+04   -5.56168e+04   -5.48831e+04
    Temperature Pres. DC (bar) Pressure (bar)   Constr. rmsd
    2.96449e+02   -1.95529e+02    2.20655e+01    5.46850e-06

           Step           Time
           4500        9.00000

   Energies (kJ/mol)
           Bond          Angle    Proper Dih. Ryckaert-Bell.          LJ-14
    4.95803e+01    1.79855e+02    1.17557e+01    1.18949e+02    1.56605e+02
     Coulomb-14        LJ (SR)  Disper. corr.   Coulomb (SR)   Coul. recip.
    1.87271e+03    1.01904e+04   -6.09194e+02   -8.04808e+04    4.47790e+02
 Position Rest.      Potential    Kinetic En.   Total Energy  Conserved En.
    2.34609e+01   -6.80389e+04    1.25913e+04   -5.54475e+04   -5.48931e+04
    Temperature Pres. DC (bar) Pressure (bar)   Constr. rmsd
    2.95837e+02   -1.98565e+02    2.41714e+02    3.95802e-06

           Step           Time
           5000       10.00000

   Energies (kJ/mol)
           Bond          Angle    Proper Dih. Ryckaert-Bell.          LJ-14
    7.30484e+01    1.91527e+02    1.74489e+01    1.22017e+02    1.43753e+02
     Coulomb-14        LJ (SR)  Disper. corr.   Coulomb (SR)   Coul. recip.
    1.87088e+03    9.92621e+03   -6.01887e+02   -8.04268e+04    4.45709e+02
 Position Rest.      Potential    Kinetic En.   Total Energy  Conserved En.
    3.31707e+01   -6.82049e+04    1.29573e+04   -5.52476e+04   -5.48907e+04
    Temperature Pres. DC (bar) Pressure (bar)   Constr. rmsd
    3.04435e+02   -1.93836e+02   -5.42209e+02    3.25059e-06

           Step           Time
           5500       11.00000

   Energies (kJ/mol)
           Bond          Angle    Proper Dih. Ryckaert-Bell.          LJ-14
    6.11658e+01    1.94877e+02    1.02085e+01    1.20523e+02    1.43896e+02
     Coulomb-14        LJ (SR)  Disper. corr.   Coulomb (SR)   Coul. recip.
    1.86542e+03    1.03393e+04   -6.06220e+02   -8.07471e+04    4.21034e+02
 Position Rest.      Potential    Kinetic En.   Total Energy  Conserved En.
    3.74947e+01   -6.81593e+04    1.27691e+04   -5.53902e+04   -5.48925e+04
    Temperature Pres. DC (bar) Pressure (bar)   Constr. rmsd
    3.00013e+02   -1.96634e+02    1.41648e+02    2.74119e-06

           Step           Time
           6000       12.00000

   Energies (kJ/mol)
           Bond          Angle    Proper Dih. Ryckaert-Bell.          LJ-14
    7.86724e+01    1.86885e+02    2.08542e+01    1.23600e+02    1.70913e+02
     Coulomb-14        LJ (SR)  Disper. corr.   Coulomb (SR)   Coul. recip.
    1.87903e+03    1.03377e+04   -6.05629e+02   -8.08288e+04    4.38004e+02
 Position Rest.      Potential    Kinetic En.   Total Energy  Conserved En.
    5.57748e+01   -6.81430e+04    1.29614e+04   -5.51816e+04   -5.48913e+04
    Temperature Pres. DC (bar) Pressure (bar)   Constr. rmsd
    3.04531e+02   -1.96251e+02    4.58501e+02    2.16078e-06

           Step           Time
           6500       13.00000

   Energies (kJ/mol)
           Bond          Angle    Proper Dih. Ryckaert-Bell.          LJ-14
    8.62812e+01    1.62375e+02    7.00629e+00    1.22522e+02    1.49461e+02
     Coulomb-14        LJ (SR)  Disper. corr.   Coulomb (SR)   Coul. recip.
    1.86670e+03    9.88053e+03   -6.04504e+02   -8.04068e+04    4.17272e+02
 Position Rest.      Potential    Kinetic En.   Total Energy  Conserved En.
    2.93801e+01   -6.82897e+04    1.24816e+04   -5.58081e+04   -5.48898e+04
    Temperature Pres. DC (bar) Pressure (bar)   Constr. rmsd
    2.93260e+02   -1.95524e+02   -6.47006e+02    2.31250e-06

           Step           Time
           7000       14.00000

   Energies (kJ/mol)
           Bond          Angle    Proper Dih. Ryckaert-Bell.          LJ-14
    5.44773e+01    1.63771e+02    9.89967e+00    1.30539e+02    1.54628e+02
     Coulomb-14        LJ (SR)  Disper. corr.   Coulomb (SR)   Coul. recip.
    1.88978e+03    9.93613e+03   -6.02376e+02   -8.06002e+04    4.69958e+02
 Position Rest.      Potential    Kinetic En.   Total Energy  Conserved En.
    3.48026e+01   -6.83586e+04    1.27917e+04   -5.55669e+04   -5.48930e+04
    Temperature Pres. DC (bar) Pressure (bar)   Constr. rmsd
    3.00544e+02   -1.94151e+02   -3.45514e+02    2.34694e-06

           Step           Time
           7500       15.00000

   Energies (kJ/mol)
           Bond          Angle    Proper Dih. Ryckaert-Bell.          LJ-14
    6.42095e+01    1.94232e+02    1.71369e+01    1.32448e+02    1.53140e+02
     Coulomb-14        LJ (SR)  Disper. corr.   Coulomb (SR)   Coul. recip.
    1.86374e+03    9.91464e+03   -6.04371e+02   -8.02929e+04    4.41521e+02
 Position Rest.      Potential    Kinetic En.   Total Energy  Conserved En.
    3.21777e+01   -6.80840e+04    1.32823e+04   -5.48017e+04   -5.48994e+04
    Temperature Pres. DC (bar) Pressure (bar)   Constr. rmsd
    3.12072e+02   -1.95437e+02   -3.22604e+02    3.90581e-06

           Step           Time
           8000       16.00000

   Energies (kJ/mol)
           Bond          Angle    Proper Dih. Ryckaert-Bell.          LJ-14
    1.04403e+02    2.06647e+02    1.78418e+01    1.04821e+02    1.52229e+02
     Coulomb-14        LJ (SR)  Disper. corr.   Coulomb (SR)   Coul. recip.
    1.85321e+03    1.01263e+04   -5.97070e+02   -8.07227e+04    4.69200e+02
 Position Rest.      Potential    Kinetic En.   Total Energy  Conserved En.
    2.47102e+01   -6.82604e+04    1.29180e+04   -5.53425e+04   -5.48977e+04
    Temperature Pres. DC (bar) Pressure (bar)   Constr. rmsd
    3.03511e+02   -1.90749e+02   -6.21886e+02    2.62395e-06

           Step           Time
           8500       17.00000

   Energies (kJ/mol)
           Bond          Angle    Proper Dih. Ryckaert-Bell.          LJ-14
    6.95071e+01    1.41289e+02    1.21692e+01    1.20499e+02    1.34515e+02
     Coulomb-14        LJ (SR)  Disper. corr.   Coulomb (SR)   Coul. recip.
    1.85417e+03    1.04274e+04   -6.07671e+02   -8.12032e+04    4.32561e+02
 Position Rest.      Potential    Kinetic En.   Total Energy  Conserved En.
    3.11566e+01   -6.85876e+04    1.26612e+04   -5.59264e+04   -5.48987e+04
    Temperature Pres. DC (bar) Pressure (bar)   Constr. rmsd
    2.97478e+02   -1.97575e+02   -6.44592e+01    1.85754e-06

           Step           Time
           9000       18.00000

   Energies (kJ/mol)
           Bond          Angle    Proper Dih. Ryckaert-Bell.          LJ-14
    7.32847e+01    1.80849e+02    2.72971e+01    1.27927e+02    1.27697e+02
     Coulomb-14        LJ (SR)  Disper. corr.   Coulomb (SR)   Coul. recip.
    1.84253e+03    1.03561e+04   -6.03225e+02   -8.09210e+04    4.03744e+02
 Position Rest.      Potential    Kinetic En.   Total Energy  Conserved En.
    3.69292e+01   -6.83479e+04    1.25795e+04   -5.57684e+04   -5.49010e+04
    Temperature Pres. DC (bar) Pressure (bar)   Constr. rmsd
    2.95559e+02   -1.94698e+02   -2.66245e+02    2.22723e-06

           Step           Time
           9500       19.00000

   Energies (kJ/mol)
           Bond          Angle    Proper Dih. Ryckaert-Bell.          LJ-14
    7.06059e+01    1.51500e+02    1.37392e+01    1.20404e+02    1.36630e+02
     Coulomb-14        LJ (SR)  Disper. corr.   Coulomb (SR)   Coul. recip.
    1.87835e+03    1.01629e+04   -6.08561e+02   -8.11822e+04    4.29389e+02
 Position Rest.      Potential    Kinetic En.   Total Energy  Conserved En.
    2.88758e+01   -6.87984e+04    1.24174e+04   -5.63810e+04   -5.48961e+04
    Temperature Pres. DC (bar) Pressure (bar)   Constr. rmsd
    2.91750e+02   -1.98153e+02   -2.95087e+02    2.82669e-06

           Step           Time
          10000       20.00000

   Energies (kJ/mol)
           Bond          Angle    Proper Dih. Ryckaert-Bell.          LJ-14
    5.20501e+01    1.78731e+02    1.55477e+01    1.34438e+02    1.68915e+02
     Coulomb-14        LJ (SR)  Disper. corr.   Coulomb (SR)   Coul. recip.
    1.89282e+03    1.00106e+04   -6.04140e+02   -8.08132e+04    4.31728e+02
 Position Rest.      Potential    Kinetic En.   Total Energy  Conserved En.
    2.26233e+01   -6.85099e+04    1.29619e+04   -5.55481e+04   -5.49037e+04
    Temperature Pres. DC (bar) Pressure (bar)   Constr. rmsd
    3.04543e+02   -1.95289e+02   -3.39333e+02    3.91852e-06

           Step           Time
          10500       21.00000

   Energies (kJ/mol)
           Bond          Angle    Proper Dih. Ryckaert-Bell.          LJ-14
    7.20181e+01    1.88426e+02    2.30191e+01    1.38337e+02    1.29498e+02
     Coulomb-14        LJ (SR)  Disper. corr.   Coulomb (SR)   Coul. recip.
    1.85364e+03    1.05624e+04   -6.09930e+02   -8.14189e+04    4.46289e+02
 Position Rest.      Potential    Kinetic En.   Total Energy  Conserved En.
    4.60114e+01   -6.85693e+04    1.28389e+04   -5.57304e+04   -5.49002e+04
    Temperature Pres. DC (bar) Pressure (bar)   Constr. rmsd
    3.01653e+02   -1.99045e+02    7.87811e+00    1.98715e-06

           Step           Time
          11000       22.00000

   Energies (kJ/mol)
           Bond          Angle    Proper Dih. Ryckaert-Bell.          LJ-14
    7.59282e+01    1.84565e+02    1.71518e+01    1.22924e+02    1.32934e+02
     Coulomb-14        LJ (SR)  Disper. corr.   Coulomb (SR)   Coul. recip.
    1.83518e+03    9.85586e+03   -6.01034e+02   -7.99949e+04    4.66077e+02
 Position Rest.      Potential    Kinetic En.   Total Energy  Conserved En.
    3.35813e+01   -6.78717e+04    1.28911e+04   -5.49806e+04   -5.49058e+04
    Temperature Pres. DC (bar) Pressure (bar)   Constr. rmsd
    3.02880e+02   -1.93288e+02   -5.17139e+02    2.42949e-06

           Step           Time
          11500       23.00000

   Energies (kJ/mol)
           Bond          Angle    Proper Dih. Ryckaert-Bell.          LJ-14
    5.37528e+01    1.69598e+02    1.86539e+01    1.30334e+02    1.77387e+02
     Coulomb-14        LJ (SR)  Disper. corr.   Coulomb (SR)   Coul. recip.
    1.88616e+03    1.02612e+04   -6.04144e+02   -8.04056e+04    4.78997e+02
 Position Rest.      Potential    Kinetic En.   Total Energy  Conserved En.
    3.73192e+01   -6.77964e+04    1.28855e+04   -5.49109e+04   -5.48957e+04
    Temperature Pres. DC (bar) Pressure (bar)   Constr. rmsd
    3.02747e+02   -1.95291e+02    2.23369e+02    4.29346e-06

           Step           Time
          12000       24.00000

   Energies (kJ/mol)
           Bond          Angle    Proper Dih. Ryckaert-Bell.          LJ-14
    4.83168e+01    1.39516e+02    9.02586e+00    1.30822e+02    1.33326e+02
     Coulomb-14        LJ (SR)  Disper. corr.   Coulomb (SR)   Coul. recip.
    1.87226e+03    1.02721e+04   -6.06472e+02   -8.11232e+04    4.38531e+02
 Position Rest.      Potential    Kinetic En.   Total Energy  Conserved En.
    2.96485e+01   -6.86562e+04    1.26175e+04   -5.60387e+04   -5.49038e+04
    Temperature Pres. DC (bar) Pressure (bar)   Constr. rmsd
    2.96451e+02   -1.96797e+02   -6.03923e+01    4.69080e-06

           Step           Time
          12500       25.00000

   Energies (kJ/mol)
           Bond          Angle    Proper Dih. Ryckaert-Bell.          LJ-14
    7.10677e+01    1.50908e+02    2.10234e+01    1.47684e+02    1.56959e+02
     Coulomb-14        LJ (SR)  Disper. corr.   Coulomb (SR)   Coul. recip.
    1.87601e+03    1.05028e+04   -6.08349e+02   -8.13349e+04    4.06097e+02
 Position Rest.      Potential    Kinetic En.   Total Energy  Conserved En.
    3.03373e+01   -6.85804e+04    1.27799e+04   -5.58004e+04   -5.49058e+04
    Temperature Pres. DC (bar) Pressure (bar)   Constr. rmsd
    3.00268e+02   -1.98016e+02    2.83115e+02    2.14615e-06

           Step           Time
          13000       26.00000

   Energies (kJ/mol)
           Bond          Angle    Proper Dih. Ryckaert-Bell.          LJ-14
    9.54734e+01    1.70053e+02    2.81526e+01    1.12624e+02    1.48978e+02
     Coulomb-14        LJ (SR)  Disper. corr.   Coulomb (SR)   Coul. recip.
    1.86879e+03    1.03108e+04   -6.07513e+02   -8.09858e+04    4.15507e+02
 Position Rest.      Potential    Kinetic En.   Total Energy  Conserved En.
    2.86259e+01   -6.84144e+04    1.30257e+04   -5.53887e+04   -5.49037e+04
    Temperature Pres. DC (bar) Pressure (bar)   Constr. rmsd
    3.06041e+02   -1.97472e+02   -8.53435e+01    2.34381e-06

           Step           Time
          13500       27.00000

   Energies (kJ/mol)
           Bond          Angle    Proper Dih. Ryckaert-Bell.          LJ-14
    5.79519e+01    1.89830e+02    1.53891e+01    1.25631e+02    1.74598e+02
     Coulomb-14        LJ (SR)  Disper. corr.   Coulomb (SR)   Coul. recip.
    1.87475e+03    1.00743e+04   -6.05658e+02   -8.01144e+04    4.59989e+02
 Position Rest.      Potential    Kinetic En.   Total Energy  Conserved En.
    2.69518e+01   -6.77206e+04    1.29161e+04   -5.48046e+04   -5.49045e+04
    Temperature Pres. DC (bar) Pressure (bar)   Constr. rmsd
    3.03466e+02   -1.96270e+02    1.76191e+02    2.23937e-06

           Step           Time
          14000       28.00000

   Energies (kJ/mol)
           Bond          Angle    Proper Dih. Ryckaert-Bell.          LJ-14
    7.10124e+01    1.37547e+02    1.33175e+01    1.15390e+02    1.58402e+02
     Coulomb-14        LJ (SR)  Disper. corr.   Coulomb (SR)   Coul. recip.
    1.87747e+03    1.02673e+04   -6.02858e+02   -8.12181e+04    4.67436e+02
 Position Rest.      Potential    Kinetic En.   Total Energy  Conserved En.
    3.64058e+01   -6.86767e+04    1.29657e+04   -5.57110e+04   -5.49063e+04
    Temperature Pres. DC (bar) Pressure (bar)   Constr. rmsd
    3.04632e+02   -1.94461e+02   -7.30498e+01    4.27433e-06

           Step           Time
          14500       29.00000

   Energies (kJ/mol)
           Bond          Angle    Proper Dih. Ryckaert-Bell.          LJ-14
    6.70711e+01    1.68060e+02    9.63725e+00    1.22514e+02    1.45139e+02
     Coulomb-14        LJ (SR)  Disper. corr.   Coulomb (SR)   Coul. recip.
    1.87444e+03    1.05398e+04   -6.08636e+02   -8.10968e+04    4.70959e+02
 Position Rest.      Potential    Kinetic En.   Total Energy  Conserved En.
    3.75581e+01   -6.82703e+04    1.25976e+04   -5.56726e+04   -5.49103e+04
    Temperature Pres. DC (bar) Pressure (bar)   Constr. rmsd
    2.95985e+02   -1.98202e+02    4.76713e+02    3.27395e-06

           Step           Time
          15000       30.00000

   Energies (kJ/mol)
           Bond          Angle    Proper Dih. Ryckaert-Bell.          LJ-14
    4.95032e+01    1.68606e+02    1.57409e+01    1.07403e+02    1.76895e+02
     Coulomb-14        LJ (SR)  Disper. corr.   Coulomb (SR)   Coul. recip.
    1.87216e+03    1.03205e+04   -6.09147e+02   -8.11955e+04    4.10513e+02
 Position Rest.      Potential    Kinetic En.   Total Energy  Conserved En.
    3.64105e+01   -6.86470e+04    1.27110e+04   -5.59359e+04   -5.49160e+04
    Temperature Pres. DC (bar) Pressure (bar)   Constr. rmsd
    2.98649e+02   -1.98535e+02    1.99237e+02    3.39160e-06

           Step           Time
          15500       31.00000

   Energies (kJ/mol)
           Bond          Angle    Proper Dih. Ryckaert-Bell.          LJ-14
    7.73027e+01    1.33678e+02    2.00378e+01    1.24110e+02    1.46794e+02
     Coulomb-14        LJ (SR)  Disper. corr.   Coulomb (SR)   Coul. recip.
    1.87182e+03    1.06563e+04   -6.03868e+02   -8.12394e+04    4.18917e+02
 Position Rest.      Potential    Kinetic En.   Total Energy  Conserved En.
    3.93872e+01   -6.83550e+04    1.25367e+04   -5.58183e+04   -5.49126e+04
    Temperature Pres. DC (bar) Pressure (bar)   Constr. rmsd
    2.94554e+02   -1.95113e+02    1.95191e+02    1.61176e-06

           Step           Time
          16000       32.00000

   Energies (kJ/mol)
           Bond          Angle    Proper Dih. Ryckaert-Bell.          LJ-14
    6.62182e+01    1.86133e+02    8.27487e+00    1.47386e+02    1.30579e+02
     Coulomb-14        LJ (SR)  Disper. corr.   Coulomb (SR)   Coul. recip.
    1.86433e+03    1.06588e+04   -5.97814e+02   -8.10458e+04    4.52308e+02
 Position Rest.      Potential    Kinetic En.   Total Energy  Conserved En.
    3.78006e+01   -6.80917e+04    1.27046e+04   -5.53872e+04   -5.49144e+04
    Temperature Pres. DC (bar) Pressure (bar)   Constr. rmsd
    2.98497e+02   -1.91225e+02    2.42425e+02    1.87244e-06

           Step           Time
          16500       33.00000

   Energies (kJ/mol)
           Bond          Angle    Proper Dih. Ryckaert-Bell.          LJ-14
    5.81800e+01    1.88380e+02    1.34061e+01    1.19557e+02    1.26762e+02
     Coulomb-14        LJ (SR)  Disper. corr.   Coulomb (SR)   Coul. recip.
    1.84728e+03    1.02715e+04   -6.00475e+02   -8.09942e+04    4.85254e+02
 Position Rest.      Potential    Kinetic En.   Total Energy  Conserved En.
    3.34945e+01   -6.84509e+04    1.27027e+04   -5.57481e+04   -5.49187e+04
    Temperature Pres. DC (bar) Pressure (bar)   Constr. rmsd
    2.98455e+02   -1.92929e+02   -1.74707e+02    2.23656e-06

           Step           Time
          17000       34.00000

   Energies (kJ/mol)
           Bond          Angle    Proper Dih. Ryckaert-Bell.          LJ-14
    6.04540e+01    1.77409e+02    1.82786e+01    1.46200e+02    1.45087e+02
     Coulomb-14        LJ (SR)  Disper. corr.   Coulomb (SR)   Coul. recip.
    1.87123e+03    1.01350e+04   -6.03044e+02   -8.06533e+04    4.75713e+02
 Position Rest.      Potential    Kinetic En.   Total Energy  Conserved En.
    4.91181e+01   -6.81779e+04    1.26490e+04   -5.55288e+04   -5.49158e+04
    Temperature Pres. DC (bar) Pressure (bar)   Constr. rmsd
    2.97193e+02   -1.94582e+02   -1.73896e+02    2.26437e-06

           Step           Time
          17500       35.00000

   Energies (kJ/mol)
           Bond          Angle    Proper Dih. Ryckaert-Bell.          LJ-14
    7.92669e+01    1.51077e+02    9.62055e+00    1.14833e+02    1.38517e+02
     Coulomb-14        LJ (SR)  Disper. corr.   Coulomb (SR)   Coul. recip.
    1.85905e+03    1.04979e+04   -6.09158e+02   -8.17498e+04    4.34245e+02
 Position Rest.      Potential    Kinetic En.   Total Energy  Conserved En.
    3.59711e+01   -6.90384e+04    1.29320e+04   -5.61064e+04   -5.49196e+04
    Temperature Pres. DC (bar) Pressure (bar)   Constr. rmsd
    3.03841e+02   -1.98542e+02    9.14265e+01    1.82188e-06

           Step           Time
          18000       36.00000

   Energies (kJ/mol)
           Bond          Angle    Proper Dih. Ryckaert-Bell.          LJ-14
    9.22314e+01    1.57014e+02    1.48918e+01    1.41686e+02    1.50750e+02
     Coulomb-14        LJ (SR)  Disper. corr.   Coulomb (SR)   Coul. recip.
    1.87727e+03    1.01723e+04   -6.04016e+02   -8.03604e+04    4.21963e+02
 Position Rest.      Potential    Kinetic En.   Total Energy  Conserved En.
    5.12319e+01   -6.78851e+04    1.27257e+04   -5.51594e+04   -5.49179e+04
    Temperature Pres. DC (bar) Pressure (bar)   Constr. rmsd
    2.98993e+02   -1.95208e+02   -1.12027e+02    3.65925e-06

           Step           Time
          18500       37.00000

   Energies (kJ/mol)
           Bond          Angle    Proper Dih. Ryckaert-Bell.          LJ-14
    6.73615e+01    2.10500e+02    1.41491e+01    1.17194e+02    1.53767e+02
     Coulomb-14        LJ (SR)  Disper. corr.   Coulomb (SR)   Coul. recip.
    1.87156e+03    1.01371e+04   -6.10840e+02   -8.05795e+04    4.63667e+02
 Position Rest.      Potential    Kinetic En.   Total Energy  Conserved En.
    4.38572e+01   -6.81112e+04    1.27367e+04   -5.53745e+04   -5.49199e+04
    Temperature Pres. DC (bar) Pressure (bar)   Constr. rmsd
    2.99252e+02   -1.99639e+02    8.42033e+01    2.98344e-06

           Step           Time
          19000       38.00000

   Energies (kJ/mol)
           Bond          Angle    Proper Dih. Ryckaert-Bell.          LJ-14
    5.82959e+01    1.91722e+02    1.45898e+01    1.16992e+02    1.39324e+02
     Coulomb-14        LJ (SR)  Disper. corr.   Coulomb (SR)   Coul. recip.
    1.85423e+03    1.02420e+04   -6.01727e+02   -8.05335e+04    4.46281e+02
 Position Rest.      Potential    Kinetic En.   Total Energy  Conserved En.
    3.66826e+01   -6.80351e+04    1.30424e+04   -5.49927e+04   -5.49238e+04
    Temperature Pres. DC (bar) Pressure (bar)   Constr. rmsd
    3.06434e+02   -1.93733e+02   -9.12936e+01    2.63200e-06

           Step           Time
          19500       39.00000

   Energies (kJ/mol)
           Bond          Angle    Proper Dih. Ryckaert-Bell.          LJ-14
    9.26058e+01    1.76014e+02    2.25052e+01    1.11547e+02    1.41668e+02
     Coulomb-14        LJ (SR)  Disper. corr.   Coulomb (SR)   Coul. recip.
    1.88501e+03    9.87389e+03   -5.98665e+02   -8.03021e+04    4.55035e+02
 Position Rest.      Potential    Kinetic En.   Total Energy  Conserved En.
    4.15056e+01   -6.81010e+04    1.30510e+04   -5.50500e+04   -5.49198e+04
    Temperature Pres. DC (bar) Pressure (bar)   Constr. rmsd
    3.06637e+02   -1.91769e+02   -4.62358e+02    3.32843e-06

           Step           Time
          20000       40.00000

   Energies (kJ/mol)
           Bond          Angle    Proper Dih. Ryckaert-Bell.          LJ-14
    8.76382e+01    1.90168e+02    8.42183e+00    1.06688e+02    1.52625e+02
     Coulomb-14        LJ (SR)  Disper. corr.   Coulomb (SR)   Coul. recip.
    1.85908e+03    1.04142e+04   -6.03944e+02   -8.08803e+04    4.88139e+02
 Position Rest.      Potential    Kinetic En.   Total Energy  Conserved En.
    3.88395e+01   -6.81384e+04    1.28493e+04   -5.52891e+04   -5.49131e+04
    Temperature Pres. DC (bar) Pressure (bar)   Constr. rmsd
    3.01898e+02   -1.95162e+02    1.87069e+02    2.35149e-06

           Step           Time
          20500       41.00000

   Energies (kJ/mol)
           Bond          Angle    Proper Dih. Ryckaert-Bell.          LJ-14
    7.67320e+01    1.85357e+02    1.32551e+01    1.23932e+02    1.41381e+02
     Coulomb-14        LJ (SR)  Disper. corr.   Coulomb (SR)   Coul. recip.
    1.86205e+03    1.10201e+04   -6.04058e+02   -8.17731e+04    4.52769e+02
 Position Rest.      Potential    Kinetic En.   Total Energy  Conserved En.
    4.54435e+01   -6.84561e+04    1.28306e+04   -5.56256e+04   -5.49147e+04
    Temperature Pres. DC (bar) Pressure (bar)   Constr. rmsd
    3.01458e+02   -1.95235e+02    5.53058e+02    2.76492e-06

           Step           Time
          21000       42.00000

   Energies (kJ/mol)
           Bond          Angle    Proper Dih. Ryckaert-Bell.          LJ-14
    6.95400e+01    1.92911e+02    1.48501e+01    1.15323e+02    1.29688e+02
     Coulomb-14        LJ (SR)  Disper. corr.   Coulomb (SR)   Coul. recip.
    1.84856e+03    1.02873e+04   -5.96590e+02   -8.05135e+04    4.55417e+02
 Position Rest.      Potential    Kinetic En.   Total Energy  Conserved En.
    4.46449e+01   -6.79518e+04    1.26664e+04   -5.52854e+04   -5.49220e+04
    Temperature Pres. DC (bar) Pressure (bar)   Constr. rmsd
    2.97601e+02   -1.90443e+02   -2.76237e+02    2.15052e-06

step 21400: timed with pme grid 24 24 24, coulomb cutoff 1.000: 65.2 M-cycles
           Step           Time
          21500       43.00000

   Energies (kJ/mol)
           Bond          Angle    Proper Dih. Ryckaert-Bell.          LJ-14
    6.83780e+01    1.79687e+02    2.23565e+01    1.33026e+02    1.47074e+02
     Coulomb-14        LJ (SR)  Disper. corr.   Coulomb (SR)   Coul. recip.
    1.87468e+03    1.02011e+04   -5.99622e+02   -8.01054e+04    1.03533e+02
 Position Rest.      Potential    Kinetic En.   Total Energy  Conserved En.
    2.62274e+01   -6.79489e+04    1.25632e+04   -5.53857e+04   -5.49167e+04
    Temperature Pres. DC (bar) Pressure (bar)   Constr. rmsd
    2.95175e+02   -1.92382e+02   -7.84467e+01    2.30013e-06

step 21600: timed with pme grid 16 16 16, coulomb cutoff 1.481: 113.1 M-cycles
step 21800: timed with pme grid 20 20 20, coulomb cutoff 1.185: 80.6 M-cycles
step 22000: timed with pme grid 24 24 24, coulomb cutoff 1.000: 64.9 M-cycles
              optimal pme grid 24 24 24, coulomb cutoff 1.000
           Step           Time
          22000       44.00000

   Energies (kJ/mol)
           Bond          Angle    Proper Dih. Ryckaert-Bell.          LJ-14
    6.76560e+01    2.06553e+02    2.70830e+01    1.22396e+02    1.66051e+02
     Coulomb-14        LJ (SR)  Disper. corr.   Coulomb (SR)   Coul. recip.
    1.87822e+03    1.03594e+04   -6.07276e+02   -8.09576e+04    4.50905e+02
 Position Rest.      Potential    Kinetic En.   Total Energy  Conserved En.
    5.55940e+01   -6.82311e+04    1.33620e+04   -5.48691e+04   -5.49193e+04
    Temperature Pres. DC (bar) Pressure (bar)   Constr. rmsd
    3.13943e+02   -1.97318e+02    3.06838e+02    2.21727e-06

           Step           Time
          22500       45.00000

   Energies (kJ/mol)
           Bond          Angle    Proper Dih. Ryckaert-Bell.          LJ-14
    5.43045e+01    2.04449e+02    1.50742e+01    1.05066e+02    1.45475e+02
     Coulomb-14        LJ (SR)  Disper. corr.   Coulomb (SR)   Coul. recip.
    1.86397e+03    1.06408e+04   -5.98287e+02   -8.12176e+04    4.63430e+02
 Position Rest.      Potential    Kinetic En.   Total Energy  Conserved En.
    4.21938e+01   -6.82811e+04    1.29507e+04   -5.53304e+04   -5.49233e+04
    Temperature Pres. DC (bar) Pressure (bar)   Constr. rmsd
    3.04281e+02   -1.91527e+02    3.80406e+02    4.56570e-06

           Step           Time
          23000       46.00000

   Energies (kJ/mol)
           Bond          Angle    Proper Dih. Ryckaert-Bell.          LJ-14
    7.08645e+01    1.58464e+02    1.27177e+01    1.08556e+02    1.56497e+02
     Coulomb-14        LJ (SR)  Disper. corr.   Coulomb (SR)   Coul. recip.
    1.86670e+03    1.06699e+04   -6.11266e+02   -8.13813e+04    4.27538e+02
 Position Rest.      Potential    Kinetic En.   Total Energy  Conserved En.
    2.61240e+01   -6.84952e+04    1.27745e+04   -5.57208e+04   -5.49200e+04
    Temperature Pres. DC (bar) Pressure (bar)   Constr. rmsd
    3.00139e+02   -1.99917e+02    4.90064e+02    1.86779e-06

           Step           Time
          23500       47.00000

   Energies (kJ/mol)
           Bond          Angle    Proper Dih. Ryckaert-Bell.          LJ-14
    9.76766e+01    1.96976e+02    1.05141e+01    1.19187e+02    1.34326e+02
     Coulomb-14        LJ (SR)  Disper. corr.   Coulomb (SR)   Coul. recip.
    1.86383e+03    1.02655e+04   -6.07176e+02   -8.06475e+04    4.49275e+02
 Position Rest.      Potential    Kinetic En.   Total Energy  Conserved En.
    2.49847e+01   -6.80923e+04    1.27581e+04   -5.53342e+04   -5.49156e+04
    Temperature Pres. DC (bar) Pressure (bar)   Constr. rmsd
    2.99755e+02   -1.97253e+02   -5.32014e+01    1.78259e-06

           Step           Time
          24000       48.00000

   Energies (kJ/mol)
           Bond          Angle    Proper Dih. Ryckaert-Bell.          LJ-14
    7.78099e+01    1.66472e+02    1.66781e+01    1.08023e+02    1.49640e+02
     Coulomb-14        LJ (SR)  Disper. corr.   Coulomb (SR)   Coul. recip.
    1.88346e+03    1.04140e+04   -5.98214e+02   -8.08284e+04    4.66783e+02
 Position Rest.      Potential    Kinetic En.   Total Energy  Conserved En.
    1.73364e+01   -6.81264e+04    1.27739e+04   -5.53525e+04   -5.49222e+04
    Temperature Pres. DC (bar) Pressure (bar)   Constr. rmsd
    3.00127e+02   -1.91481e+02   -5.14117e+01    2.09038e-06

           Step           Time
          24500       49.00000

   Energies (kJ/mol)
           Bond          Angle    Proper Dih. Ryckaert-Bell.          LJ-14
    7.42679e+01    1.90045e+02    1.32230e+01    1.08927e+02    1.61646e+02
     Coulomb-14        LJ (SR)  Disper. corr.   Coulomb (SR)   Coul. recip.
    1.85557e+03    1.01645e+04   -6.04652e+02   -8.04199e+04    4.40852e+02
 Position Rest.      Potential    Kinetic En.   Total Energy  Conserved En.
    4.12234e+01   -6.79742e+04    1.28438e+04   -5.51304e+04   -5.49208e+04
    Temperature Pres. DC (bar) Pressure (bar)   Constr. rmsd
    3.01769e+02   -1.95619e+02    5.06243e+01    3.03040e-06

           Step           Time
          25000       50.00000

   Energies (kJ/mol)
           Bond          Angle    Proper Dih. Ryckaert-Bell.          LJ-14
    8.05972e+01    1.64732e+02    1.26208e+01    1.18530e+02    1.35884e+02
     Coulomb-14        LJ (SR)  Disper. corr.   Coulomb (SR)   Coul. recip.
    1.86259e+03    1.03342e+04   -6.08120e+02   -8.09776e+04    4.66713e+02
 Position Rest.      Potential    Kinetic En.   Total Energy  Conserved En.
    3.87694e+01   -6.83710e+04    1.24649e+04   -5.59061e+04   -5.49174e+04
    Temperature Pres. DC (bar) Pressure (bar)   Constr. rmsd
    2.92866e+02   -1.97867e+02   -1.04303e+02    2.51660e-06

           Step           Time
          25500       51.00000

   Energies (kJ/mol)
           Bond          Angle    Proper Dih. Ryckaert-Bell.          LJ-14
    7.05730e+01    1.51379e+02    1.63505e+01    1.27077e+02    1.57474e+02
     Coulomb-14        LJ (SR)  Disper. corr.   Coulomb (SR)   Coul. recip.
    1.88230e+03    1.09642e+04   -6.05129e+02   -8.23930e+04    4.25379e+02
 Position Rest.      Potential    Kinetic En.   Total Energy  Conserved En.
    2.66543e+01   -6.91767e+04    1.23305e+04   -5.68462e+04   -5.49218e+04
    Temperature Pres. DC (bar) Pressure (bar)   Constr. rmsd
    2.89708e+02   -1.95927e+02    2.93273e+02    3.10025e-06

           Step           Time
          26000       52.00000

   Energies (kJ/mol)
           Bond          Angle    Proper Dih. Ryckaert-Bell.          LJ-14
    7.89152e+01    1.82296e+02    9.46436e+00    1.09628e+02    1.54689e+02
     Coulomb-14        LJ (SR)  Disper. corr.   Coulomb (SR)   Coul. recip.
    1.88039e+03    1.03868e+04   -6.02739e+02   -8.11340e+04    4.30395e+02
 Position Rest.      Potential    Kinetic En.   Total Energy  Conserved En.
    3.90322e+01   -6.84651e+04    1.28561e+04   -5.56090e+04   -5.49217e+04
    Temperature Pres. DC (bar) Pressure (bar)   Constr. rmsd
    3.02057e+02   -1.94385e+02   -5.33317e+01    2.82080e-06

           Step           Time
          26500       53.00000

   Energies (kJ/mol)
           Bond          Angle    Proper Dih. Ryckaert-Bell.          LJ-14
    6.41370e+01    2.30024e+02    1.92952e+01    1.06500e+02    1.35908e+02
     Coulomb-14        LJ (SR)  Disper. corr.   Coulomb (SR)   Coul. recip.
    1.85175e+03    1.06557e+04   -6.06029e+02   -8.13481e+04    4.58601e+02
 Position Rest.      Potential    Kinetic En.   Total Energy  Conserved En.
    4.84868e+01   -6.83838e+04    1.28181e+04   -5.55657e+04   -5.49166e+04
    Temperature Pres. DC (bar) Pressure (bar)   Constr. rmsd
    3.01165e+02   -1.96510e+02    3.70778e+02    2.46019e-06

           Step           Time
          27000       54.00000

   Energies (kJ/mol)
           Bond          Angle    Proper Dih. Ryckaert-Bell.          LJ-14
    9.14091e+01    1.71938e+02    6.48162e+00    1.12603e+02    1.22769e+02
     Coulomb-14        LJ (SR)  Disper. corr.   Coulomb (SR)   Coul. recip.
    1.85939e+03    1.03562e+04   -6.09025e+02   -8.13466e+04    4.28575e+02
 Position Rest.      Potential    Kinetic En.   Total Energy  Conserved En.
    3.41713e+01   -6.87721e+04    1.27650e+04   -5.60070e+04   -5.49186e+04
    Temperature Pres. DC (bar) Pressure (bar)   Constr. rmsd
    2.99917e+02   -1.98456e+02   -1.27604e+02    2.50614e-06

           Step           Time
          27500       55.00000

   Energies (kJ/mol)
           Bond          Angle    Proper Dih. Ryckaert-Bell.          LJ-14
    9.36426e+01    1.43586e+02    9.46161e+00    1.19266e+02    1.52015e+02
     Coulomb-14        LJ (SR)  Disper. corr.   Coulomb (SR)   Coul. recip.
    1.86408e+03    1.03505e+04   -5.96377e+02   -8.07464e+04    4.59478e+02
 Position Rest.      Potential    Kinetic En.   Total Energy  Conserved En.
    3.03238e+01   -6.81205e+04    1.26773e+04   -5.54431e+04   -5.49150e+04
    Temperature Pres. DC (bar) Pressure (bar)   Constr. rmsd
    2.97857e+02   -1.90308e+02   -7.85856e+01    1.81184e-06

           Step           Time
          28000       56.00000

   Energies (kJ/mol)
           Bond          Angle    Proper Dih. Ryckaert-Bell.          LJ-14
    7.44488e+01    1.66132e+02    1.49523e+01    1.23169e+02    1.44373e+02
     Coulomb-14        LJ (SR)  Disper. corr.   Coulomb (SR)   Coul. recip.
    1.87174e+03    1.08983e+04   -6.12461e+02   -8.16762e+04    4.45499e+02
 Position Rest.      Potential    Kinetic En.   Total Energy  Conserved En.
    3.38630e+01   -6.85162e+04    1.29736e+04   -5.55426e+04   -5.49241e+04
    Temperature Pres. DC (bar) Pressure (bar)   Constr. rmsd
    3.04818e+02   -2.00699e+02    8.99409e+02    4.12871e-06

           Step           Time
          28500       57.00000

   Energies (kJ/mol)
           Bond          Angle    Proper Dih. Ryckaert-Bell.          LJ-14
    5.45061e+01    1.95994e+02    7.45785e+00    1.09417e+02    1.55150e+02
     Coulomb-14        LJ (SR)  Disper. corr.   Coulomb (SR)   Coul. recip.
    1.85159e+03    1.00978e+04   -5.93719e+02   -8.03179e+04    4.53976e+02
 Position Rest.      Potential    Kinetic En.   Total Energy  Conserved En.
    2.11847e+01   -6.79646e+04    1.28703e+04   -5.50943e+04   -5.49314e+04
    Temperature Pres. DC (bar) Pressure (bar)   Constr. rmsd
    3.02391e+02   -1.88617e+02   -3.53470e+02    3.04496e-06

           Step           Time
          29000       58.00000

   Energies (kJ/mol)
           Bond          Angle    Proper Dih. Ryckaert-Bell.          LJ-14
    7.44374e+01    2.24171e+02    4.11464e+00    1.15632e+02    1.35604e+02
     Coulomb-14        LJ (SR)  Disper. corr.   Coulomb (SR)   Coul. recip.
    1.87794e+03    1.00045e+04   -6.09417e+02   -8.04550e+04    4.17809e+02
 Position Rest.      Potential    Kinetic En.   Total Energy  Conserved En.
    5.47762e+01   -6.81554e+04    1.28297e+04   -5.53257e+04   -5.49216e+04
    Temperature Pres. DC (bar) Pressure (bar)   Constr. rmsd
    3.01437e+02   -1.98711e+02   -1.39913e+02    2.99884e-06

           Step           Time
          29500       59.00000

   Energies (kJ/mol)
           Bond          Angle    Proper Dih. Ryckaert-Bell.          LJ-14
    6.49585e+01    1.73137e+02    1.64030e+01    1.38453e+02    1.41962e+02
     Coulomb-14        LJ (SR)  Disper. corr.   Coulomb (SR)   Coul. recip.
    1.87322e+03    1.03817e+04   -6.05125e+02   -8.08303e+04    4.53156e+02
 Position Rest.      Potential    Kinetic En.   Total Energy  Conserved En.
    2.93576e+01   -6.81631e+04    1.25022e+04   -5.56609e+04   -5.49182e+04
    Temperature Pres. DC (bar) Pressure (bar)   Constr. rmsd
    2.93743e+02   -1.95925e+02    5.34621e+01    2.84453e-06

           Step           Time
          30000       60.00000

   Energies (kJ/mol)
           Bond          Angle    Proper Dih. Ryckaert-Bell.          LJ-14
    6.18430e+01    1.71189e+02    7.48345e+00    1.02797e+02    1.80326e+02
     Coulomb-14        LJ (SR)  Disper. corr.   Coulomb (SR)   Coul. recip.
    1.88727e+03    1.03045e+04   -6.00111e+02   -8.05910e+04    4.43002e+02
 Position Rest.      Potential    Kinetic En.   Total Energy  Conserved En.
    2.46250e+01   -6.80080e+04    1.27720e+04   -5.52360e+04   -5.49153e+04
    Temperature Pres. DC (bar) Pressure (bar)   Constr. rmsd
    3.00082e+02   -1.92695e+02    1.69307e+02    2.94998e-06

           Step           Time
          30500       61.00000

   Energies (kJ/mol)
           Bond          Angle    Proper Dih. Ryckaert-Bell.          LJ-14
    6.73909e+01    1.64617e+02    9.92921e+00    1.15675e+02    1.53713e+02
     Coulomb-14        LJ (SR)  Disper. corr.   Coulomb (SR)   Coul. recip.
    1.86898e+03    1.07467e+04   -5.97826e+02   -8.14978e+04    4.72879e+02
 Position Rest.      Potential    Kinetic En.   Total Energy  Conserved En.
    4.16859e+01   -6.84540e+04    1.29982e+04   -5.54558e+04   -5.49158e+04
    Temperature Pres. DC (bar) Pressure (bar)   Constr. rmsd
    3.05397e+02   -1.91233e+02    2.73458e+02    2.96539e-06

           Step           Time
          31000       62.00000

   Energies (kJ/mol)
           Bond          Angle    Proper Dih. Ryckaert-Bell.          LJ-14
    5.59282e+01    1.41784e+02    7.36663e+00    1.06998e+02    1.60164e+02
     Coulomb-14        LJ (SR)  Disper. corr.   Coulomb (SR)   Coul. recip.
    1.86505e+03    1.05962e+04   -6.07743e+02   -8.12129e+04    4.62095e+02
 Position Rest.      Potential    Kinetic En.   Total Energy  Conserved En.
    4.13313e+01   -6.83837e+04    1.26771e+04   -5.57066e+04   -5.49230e+04
    Temperature Pres. DC (bar) Pressure (bar)   Constr. rmsd
    2.97851e+02   -1.97622e+02    3.77768e+02    1.86791e-06

           Step           Time
          31500       63.00000

   Energies (kJ/mol)
           Bond          Angle    Proper Dih. Ryckaert-Bell.          LJ-14
    5.47845e+01    1.64174e+02    8.71161e+00    1.04204e+02    1.53080e+02
     Coulomb-14        LJ (SR)  Disper. corr.   Coulomb (SR)   Coul. recip.
    1.87114e+03    1.08873e+04   -5.98997e+02   -8.12870e+04    4.48066e+02
 Position Rest.      Potential    Kinetic En.   Total Energy  Conserved En.
    2.83736e+01   -6.81662e+04    1.28478e+04   -5.53184e+04   -5.49196e+04
    Temperature Pres. DC (bar) Pressure (bar)   Constr. rmsd
    3.01862e+02   -1.91982e+02    4.47526e+02    4.01695e-06

           Step           Time
          32000       64.00000

   Energies (kJ/mol)
           Bond          Angle    Proper Dih. Ryckaert-Bell.          LJ-14
    8.04519e+01    1.63368e+02    1.87981e+01    1.00338e+02    1.48707e+02
     Coulomb-14        LJ (SR)  Disper. corr.   Coulomb (SR)   Coul. recip.
    1.87397e+03    1.01341e+04   -6.01595e+02   -8.02266e+04    4.65159e+02
 Position Rest.      Potential    Kinetic En.   Total Energy  Conserved En.
    4.41472e+01   -6.77991e+04    1.28092e+04   -5.49899e+04   -5.49237e+04
    Temperature Pres. DC (bar) Pressure (bar)   Constr. rmsd
    3.00956e+02   -1.93648e+02   -1.90744e+02    2.76537e-06

           Step           Time
          32500       65.00000

   Energies (kJ/mol)
           Bond          Angle    Proper Dih. Ryckaert-Bell.          LJ-14
    6.64680e+01    2.19504e+02    9.01421e+00    1.32017e+02    1.58083e+02
     Coulomb-14        LJ (SR)  Disper. corr.   Coulomb (SR)   Coul. recip.
    1.89457e+03    1.01796e+04   -6.03532e+02   -8.06793e+04    4.54686e+02
 Position Rest.      Potential    Kinetic En.   Total Energy  Conserved En.
    1.87235e+01   -6.81502e+04    1.28325e+04   -5.53177e+04   -5.49194e+04
    Temperature Pres. DC (bar) Pressure (bar)   Constr. rmsd
    3.01503e+02   -1.94896e+02    1.82164e+01    4.03393e-06

           Step           Time
          33000       66.00000

   Energies (kJ/mol)
           Bond          Angle    Proper Dih. Ryckaert-Bell.          LJ-14
    4.32273e+01    1.51964e+02    1.43139e+01    1.19863e+02    1.70359e+02
     Coulomb-14        LJ (SR)  Disper. corr.   Coulomb (SR)   Coul. recip.
    1.89844e+03    1.04067e+04   -6.14844e+02   -8.14363e+04    4.38902e+02
 Position Rest.      Potential    Kinetic En.   Total Energy  Conserved En.
    4.29581e+01   -6.87645e+04    1.25350e+04   -5.62295e+04   -5.49245e+04
    Temperature Pres. DC (bar) Pressure (bar)   Constr. rmsd
    2.94512e+02   -2.02261e+02    3.73498e+02    1.26175e-06

           Step           Time
          33500       67.00000

   Energies (kJ/mol)
           Bond          Angle    Proper Dih. Ryckaert-Bell.          LJ-14
    6.98824e+01    2.02884e+02    1.18595e+01    1.29764e+02    1.38607e+02
     Coulomb-14        LJ (SR)  Disper. corr.   Coulomb (SR)   Coul. recip.
    1.87198e+03    1.02481e+04   -6.03923e+02   -8.05561e+04    4.33606e+02
 Position Rest.      Potential    Kinetic En.   Total Energy  Conserved En.
    3.62569e+01   -6.80171e+04    1.29960e+04   -5.50211e+04   -5.49203e+04
    Temperature Pres. DC (bar) Pressure (bar)   Constr. rmsd
    3.05344e+02   -1.95148e+02   -1.49381e+02    3.13214e-06

           Step           Time
          34000       68.00000

   Energies (kJ/mol)
           Bond          Angle    Proper Dih. Ryckaert-Bell.          LJ-14
    6.50545e+01    1.83348e+02    8.85319e+00    1.15639e+02    1.44870e+02
     Coulomb-14        LJ (SR)  Disper. corr.   Coulomb (SR)   Coul. recip.
    1.87049e+03    1.02347e+04   -6.02437e+02   -8.08267e+04    4.78061e+02
 Position Rest.      Potential    Kinetic En.   Total Energy  Conserved En.
    2.11099e+01   -6.83071e+04    1.26501e+04   -5.56569e+04   -5.49143e+04
    Temperature Pres. DC (bar) Pressure (bar)   Constr. rmsd
    2.97218e+02   -1.94190e+02   -1.24224e+02    4.84416e-06

           Step           Time
          34500       69.00000

   Energies (kJ/mol)
           Bond          Angle    Proper Dih. Ryckaert-Bell.          LJ-14
    8.11012e+01    1.92254e+02    1.88941e+01    1.28736e+02    1.57856e+02
     Coulomb-14        LJ (SR)  Disper. corr.   Coulomb (SR)   Coul. recip.
    1.87164e+03    1.07270e+04   -6.04383e+02   -8.13269e+04    4.66982e+02
 Position Rest.      Potential    Kinetic En.   Total Energy  Conserved En.
    3.74489e+01   -6.82493e+04    1.30830e+04   -5.51664e+04   -5.49169e+04
    Temperature Pres. DC (bar) Pressure (bar)   Constr. rmsd
    3.07389e+02   -1.95445e+02    5.48463e+02    3.81118e-06

           Step           Time
          35000       70.00000

   Energies (kJ/mol)
           Bond          Angle    Proper Dih. Ryckaert-Bell.          LJ-14
    4.65922e+01    1.65462e+02    1.78591e+01    1.33434e+02    1.28714e+02
     Coulomb-14        LJ (SR)  Disper. corr.   Coulomb (SR)   Coul. recip.
    1.85818e+03    1.02760e+04   -6.01338e+02   -8.07618e+04    4.36582e+02
 Position Rest.      Potential    Kinetic En.   Total Energy  Conserved En.
    4.08111e+01   -6.82595e+04    1.28037e+04   -5.54558e+04   -5.49287e+04
    Temperature Pres. DC (bar) Pressure (bar)   Constr. rmsd
    3.00827e+02   -1.93483e+02   -8.14033e+01    3.00872e-06

           Step           Time
          35500       71.00000

   Energies (kJ/mol)
           Bond          Angle    Proper Dih. Ryckaert-Bell.          LJ-14
    5.11208e+01    1.63963e+02    1.97229e+01    1.18763e+02    1.35822e+02
     Coulomb-14        LJ (SR)  Disper. corr.   Coulomb (SR)   Coul. recip.
    1.85892e+03    1.01608e+04   -6.06056e+02   -8.09987e+04    4.79572e+02
 Position Rest.      Potential    Kinetic En.   Total Energy  Conserved En.
    2.93741e+01   -6.85867e+04    1.28737e+04   -5.57130e+04   -5.49290e+04
    Temperature Pres. DC (bar) Pressure (bar)   Constr. rmsd
    3.02470e+02   -1.96528e+02   -2.38318e+02    3.21497e-06

           Step           Time
          36000       72.00000

   Energies (kJ/mol)
           Bond          Angle    Proper Dih. Ryckaert-Bell.          LJ-14
    6.38278e+01    1.86050e+02    2.82985e+01    1.18888e+02    1.36639e+02
     Coulomb-14        LJ (SR)  Disper. corr.   Coulomb (SR)   Coul. recip.
    1.86802e+03    9.99571e+03   -6.06783e+02   -8.06890e+04    4.46868e+02
 Position Rest.      Potential    Kinetic En.   Total Energy  Conserved En.
    3.92575e+01   -6.84122e+04    1.26139e+04   -5.57983e+04   -5.49147e+04
    Temperature Pres. DC (bar) Pressure (bar)   Constr. rmsd
    2.96367e+02   -1.96999e+02   -3.69420e+02    2.36795e-06

           Step           Time
          36500       73.00000

   Energies (kJ/mol)
           Bond          Angle    Proper Dih. Ryckaert-Bell.          LJ-14
    6.61925e+01    1.32971e+02    9.36202e+00    1.29871e+02    1.71178e+02
     Coulomb-14        LJ (SR)  Disper. corr.   Coulomb (SR)   Coul. recip.
    1.88341e+03    1.06046e+04   -6.03693e+02   -8.15034e+04    4.65636e+02
 Position Rest.      Potential    Kinetic En.   Total Energy  Conserved En.
    1.83046e+01   -6.86255e+04    1.25725e+04   -5.60531e+04   -5.49210e+04
    Temperature Pres. DC (bar) Pressure (bar)   Constr. rmsd
    2.95394e+02   -1.95000e+02    1.80522e+02    2.65766e-06

           Step           Time
          37000       74.00000

   Energies (kJ/mol)
           Bond          Angle    Proper Dih. Ryckaert-Bell.          LJ-14
    6.31207e+01    1.81003e+02    1.48173e+01    1.27947e+02    1.46432e+02
     Coulomb-14        LJ (SR)  Disper. corr.   Coulomb (SR)   Coul. recip.
    1.87904e+03    1.01958e+04   -6.12007e+02   -8.07929e+04    4.64694e+02
 Position Rest.      Potential    Kinetic En.   Total Energy  Conserved En.
    2.72483e+01   -6.83048e+04    1.28723e+04   -5.54326e+04   -5.49193e+04
    Temperature Pres. DC (bar) Pressure (bar)   Constr. rmsd
    3.02437e+02   -2.00402e+02   -4.83414e+01    1.99100e-06

           Step           Time
          37500       75.00000

   Energies (kJ/mol)
           Bond          Angle    Proper Dih. Ryckaert-Bell.          LJ-14
    7.18644e+01    1.97880e+02    7.97275e+00    1.26563e+02    1.58891e+02
     Coulomb-14        LJ (SR)  Disper. corr.   Coulomb (SR)   Coul. recip.
    1.88684e+03    1.04184e+04   -6.10212e+02   -8.13080e+04    4.67434e+02
 Position Rest.      Potential    Kinetic En.   Total Energy  Conserved En.
    3.89646e+01   -6.85435e+04    1.29016e+04   -5.56419e+04   -5.49162e+04
    Temperature Pres. DC (bar) Pressure (bar)   Constr. rmsd
    3.03126e+02   -1.99229e+02    3.36020e+02    2.03688e-06

           Step           Time
          38000       76.00000

   Energies (kJ/mol)
           Bond          Angle    Proper Dih. Ryckaert-Bell.          LJ-14
    6.31006e+01    1.78825e+02    1.90698e+01    1.42678e+02    1.52205e+02
     Coulomb-14        LJ (SR)  Disper. corr.   Coulomb (SR)   Coul. recip.
    1.88923e+03    1.03482e+04   -6.00300e+02   -8.11525e+04    4.38580e+02
 Position Rest.      Potential    Kinetic En.   Total Energy  Conserved En.
    4.59673e+01   -6.84750e+04    1.28321e+04   -5.56429e+04   -5.49198e+04
    Temperature Pres. DC (bar) Pressure (bar)   Constr. rmsd
    3.01495e+02   -1.92817e+02   -1.10933e+02    1.91728e-06

           Step           Time
          38500       77.00000

   Energies (kJ/mol)
           Bond          Angle    Proper Dih. Ryckaert-Bell.          LJ-14
    7.13170e+01    1.82201e+02    1.19007e+01    1.33247e+02    1.31450e+02
     Coulomb-14        LJ (SR)  Disper. corr.   Coulomb (SR)   Coul. recip.
    1.85318e+03    9.72441e+03   -6.03950e+02   -8.01462e+04    4.26285e+02
 Position Rest.      Potential    Kinetic En.   Total Energy  Conserved En.
    2.57348e+01   -6.81904e+04    1.28009e+04   -5.53895e+04   -5.49236e+04
    Temperature Pres. DC (bar) Pressure (bar)   Constr. rmsd
    3.00761e+02   -1.95166e+02   -5.83242e+02    4.28001e-06

           Step           Time
          39000       78.00000

   Energies (kJ/mol)
           Bond          Angle    Proper Dih. Ryckaert-Bell.          LJ-14
    8.23385e+01    1.79694e+02    8.46001e+00    1.16297e+02    1.56365e+02
     Coulomb-14        LJ (SR)  Disper. corr.   Coulomb (SR)   Coul. recip.
    1.87429e+03    1.03176e+04   -5.95729e+02   -8.07409e+04    4.36858e+02
 Position Rest.      Potential    Kinetic En.   Total Energy  Conserved En.
    2.30114e+01   -6.81416e+04    1.26505e+04   -5.54911e+04   -5.49203e+04
    Temperature Pres. DC (bar) Pressure (bar)   Constr. rmsd
    2.97227e+02   -1.89895e+02   -1.25397e+02    1.58856e-06

           Step           Time
          39500       79.00000

   Energies (kJ/mol)
           Bond          Angle    Proper Dih. Ryckaert-Bell.          LJ-14
    4.48869e+01    1.60280e+02    6.30491e+00    1.07273e+02    1.56561e+02
     Coulomb-14        LJ (SR)  Disper. corr.   Coulomb (SR)   Coul. recip.
    1.88194e+03    1.02452e+04   -6.01215e+02   -8.08000e+04    4.67775e+02
 Position Rest.      Potential    Kinetic En.   Total Energy  Conserved En.
    3.36021e+01   -6.82974e+04    1.26581e+04   -5.56392e+04   -5.49250e+04
    Temperature Pres. DC (bar) Pressure (bar)   Constr. rmsd
    2.97406e+02   -1.93404e+02   -1.08489e+01    2.99638e-06

           Step           Time
          40000       80.00000

   Energies (kJ/mol)
           Bond          Angle    Proper Dih. Ryckaert-Bell.          LJ-14
    7.60708e+01    1.76314e+02    1.50654e+01    1.11497e+02    1.47959e+02
     Coulomb-14        LJ (SR)  Disper. corr.   Coulomb (SR)   Coul. recip.
    1.86341e+03    1.02066e+04   -6.06959e+02   -8.05074e+04    4.36282e+02
 Position Rest.      Potential    Kinetic En.   Total Energy  Conserved En.
    3.48668e+01   -6.80463e+04    1.28249e+04   -5.52214e+04   -5.49280e+04
    Temperature Pres. DC (bar) Pressure (bar)   Constr. rmsd
    3.01324e+02   -1.97113e+02    8.60687e+01    4.44188e-06

           Step           Time
          40500       81.00000

   Energies (kJ/mol)
           Bond          Angle    Proper Dih. Ryckaert-Bell.          LJ-14
    6.57021e+01    1.66489e+02    1.29558e+01    1.23628e+02    1.46112e+02
     Coulomb-14        LJ (SR)  Disper. corr.   Coulomb (SR)   Coul. recip.
    1.85989e+03    9.72117e+03   -6.00191e+02   -8.01154e+04    4.41477e+02
 Position Rest.      Potential    Kinetic En.   Total Energy  Conserved En.
    3.84307e+01   -6.81397e+04    1.26175e+04   -5.55222e+04   -5.49249e+04
    Temperature Pres. DC (bar) Pressure (bar)   Constr. rmsd
    2.96452e+02   -1.92747e+02   -6.71179e+02    4.02374e-06

           Step           Time
          41000       82.00000

   Energies (kJ/mol)
           Bond          Angle    Proper Dih. Ryckaert-Bell.          LJ-14
    5.12411e+01    1.95358e+02    1.93308e+01    1.51330e+02    1.45319e+02
     Coulomb-14        LJ (SR)  Disper. corr.   Coulomb (SR)   Coul. recip.
    1.86501e+03    1.05482e+04   -6.10428e+02   -8.12608e+04    4.40566e+02
 Position Rest.      Potential    Kinetic En.   Total Energy  Conserved En.
    2.36864e+01   -6.84313e+04    1.26505e+04   -5.57808e+04   -5.49244e+04
    Temperature Pres. DC (bar) Pressure (bar)   Constr. rmsd
    2.97227e+02   -1.99370e+02    3.08825e+02    2.67458e-06

           Step           Time
          41500       83.00000

   Energies (kJ/mol)
           Bond          Angle    Proper Dih. Ryckaert-Bell.          LJ-14
    5.17419e+01    1.94128e+02    1.24867e+01    1.24668e+02    1.86839e+02
     Coulomb-14        LJ (SR)  Disper. corr.   Coulomb (SR)   Coul. recip.
    1.88181e+03    1.04428e+04   -6.10634e+02   -8.04483e+04    4.79135e+02
 Position Rest.      Potential    Kinetic En.   Total Energy  Conserved En.
    2.44947e+01   -6.76609e+04    1.23800e+04   -5.52808e+04   -5.49199e+04
    Temperature Pres. DC (bar) Pressure (bar)   Constr. rmsd
    2.90872e+02   -1.99504e+02    7.32851e+02    2.67088e-06

           Step           Time
          42000       84.00000

   Energies (kJ/mol)
           Bond          Angle    Proper Dih. Ryckaert-Bell.          LJ-14
    5.23169e+01    2.28292e+02    9.89564e+00    1.29004e+02    1.38576e+02
     Coulomb-14        LJ (SR)  Disper. corr.   Coulomb (SR)   Coul. recip.
    1.85939e+03    1.00601e+04   -5.94325e+02   -8.01898e+04    4.36806e+02
 Position Rest.      Potential    Kinetic En.   Total Energy  Conserved En.
    1.88099e+01   -6.78509e+04    1.26228e+04   -5.52281e+04   -5.49214e+04
    Temperature Pres. DC (bar) Pressure (bar)   Constr. rmsd
    2.96576e+02   -1.89002e+02   -3.25455e+02    4.41340e-06

           Step           Time
          42500       85.00000

   Energies (kJ/mol)
           Bond          Angle    Proper Dih. Ryckaert-Bell.          LJ-14
    6.71086e+01    2.28710e+02    1.15342e+01    1.13154e+02    1.40257e+02
     Coulomb-14        LJ (SR)  Disper. corr.   Coulomb (SR)   Coul. recip.
    1.86202e+03    1.09867e+04   -6.06920e+02   -8.15402e+04    4.95004e+02
 Position Rest.      Potential    Kinetic En.   Total Energy  Conserved En.
    3.49210e+01   -6.82077e+04    1.28028e+04   -5.54049e+04   -5.49238e+04
    Temperature Pres. DC (bar) Pressure (bar)   Constr. rmsd
    3.00807e+02   -1.97088e+02    6.78720e+02    4.22031e-06

           Step           Time
          43000       86.00000

   Energies (kJ/mol)
           Bond          Angle    Proper Dih. Ryckaert-Bell.          LJ-14
    6.42378e+01    1.88585e+02    9.40759e+00    1.32888e+02    1.38726e+02
     Coulomb-14        LJ (SR)  Disper. corr.   Coulomb (SR)   Coul. recip.
    1.85246e+03    1.07688e+04   -6.08056e+02   -8.08858e+04    4.38668e+02
 Position Rest.      Potential    Kinetic En.   Total Energy  Conserved En.
    4.52236e+01   -6.78548e+04    1.28995e+04   -5.49553e+04   -5.49222e+04
    Temperature Pres. DC (bar) Pressure (bar)   Constr. rmsd
    3.03078e+02   -1.97825e+02    7.70136e+02    4.02875e-06

           Step           Time
          43500       87.00000

   Energies (kJ/mol)
           Bond          Angle    Proper Dih. Ryckaert-Bell.          LJ-14
    8.49781e+01    2.21975e+02    1.27149e+01    1.33008e+02    1.44921e+02
     Coulomb-14        LJ (SR)  Disper. corr.   Coulomb (SR)   Coul. recip.
    1.89018e+03    1.04473e+04   -6.00068e+02   -8.09792e+04    4.39572e+02
 Position Rest.      Potential    Kinetic En.   Total Energy  Conserved En.
    2.49459e+01   -6.81797e+04    1.32909e+04   -5.48887e+04   -5.49306e+04
    Temperature Pres. DC (bar) Pressure (bar)   Constr. rmsd
    3.12274e+02   -1.92668e+02   -2.79352e+01    1.33500e-06

           Step           Time
          44000       88.00000

   Energies (kJ/mol)
           Bond          Angle    Proper Dih. Ryckaert-Bell.          LJ-14
    5.02282e+01    1.71551e+02    8.48467e+00    1.21643e+02    1.51190e+02
     Coulomb-14        LJ (SR)  Disper. corr.   Coulomb (SR)   Coul. recip.
    1.88534e+03    1.03069e+04   -6.04987e+02   -8.09933e+04    4.47221e+02
 Position Rest.      Potential    Kinetic En.   Total Energy  Conserved En.
    4.89094e+01   -6.84068e+04    1.28142e+04   -5.55925e+04   -5.49242e+04
    Temperature Pres. DC (bar) Pressure (bar)   Constr. rmsd
    3.01074e+02   -1.95836e+02    8.58934e+01    2.07263e-06

           Step           Time
          44500       89.00000

   Energies (kJ/mol)
           Bond          Angle    Proper Dih. Ryckaert-Bell.          LJ-14
    1.05162e+02    2.22689e+02    1.65949e+01    1.24238e+02    1.49628e+02
     Coulomb-14        LJ (SR)  Disper. corr.   Coulomb (SR)   Coul. recip.
    1.87044e+03    9.92519e+03   -6.09520e+02   -8.01383e+04    4.58000e+02
 Position Rest.      Potential    Kinetic En.   Total Energy  Conserved En.
    3.05195e+01   -6.78454e+04    1.30144e+04   -5.48310e+04   -5.49210e+04
    Temperature Pres. DC (bar) Pressure (bar)   Constr. rmsd
    3.05776e+02   -1.98777e+02   -2.09464e+02    3.90173e-06

           Step           Time
          45000       90.00000

   Energies (kJ/mol)
           Bond          Angle    Proper Dih. Ryckaert-Bell.          LJ-14
    7.02818e+01    1.87655e+02    1.09899e+01    1.29357e+02    1.57267e+02
     Coulomb-14        LJ (SR)  Disper. corr.   Coulomb (SR)   Coul. recip.
    1.85948e+03    1.03275e+04   -6.01185e+02   -8.07928e+04    4.23708e+02
 Position Rest.      Potential    Kinetic En.   Total Energy  Conserved En.
    1.69724e+01   -6.82108e+04    1.30900e+04   -5.51208e+04   -5.49309e+04
    Temperature Pres. DC (bar) Pressure (bar)   Constr. rmsd
    3.07552e+02   -1.93385e+02   -2.71914e+01    4.12678e-06

           Step           Time
          45500       91.00000

   Energies (kJ/mol)
           Bond          Angle    Proper Dih. Ryckaert-Bell.          LJ-14
    5.26544e+01    1.66773e+02    8.36991e+00    1.15841e+02    1.58045e+02
     Coulomb-14        LJ (SR)  Disper. corr.   Coulomb (SR)   Coul. recip.
    1.87221e+03    1.03084e+04   -6.02630e+02   -8.08666e+04    4.63728e+02
 Position Rest.      Potential    Kinetic En.   Total Energy  Conserved En.
    6.03641e+01   -6.82629e+04    1.24448e+04   -5.58180e+04   -5.49284e+04
    Temperature Pres. DC (bar) Pressure (bar)   Constr. rmsd
    2.92395e+02   -1.94314e+02   -1.08682e+02    3.14237e-06

           Step           Time
          46000       92.00000

   Energies (kJ/mol)
           Bond          Angle    Proper Dih. Ryckaert-Bell.          LJ-14
    5.32921e+01    2.45907e+02    1.26418e+01    1.19063e+02    1.58842e+02
     Coulomb-14        LJ (SR)  Disper. corr.   Coulomb (SR)   Coul. recip.
    1.87266e+03    1.01484e+04   -6.06064e+02   -8.08773e+04    4.22176e+02
 Position Rest.      Potential    Kinetic En.   Total Energy  Conserved En.
    3.52871e+01   -6.84151e+04    1.29894e+04   -5.54257e+04   -5.49234e+04
    Temperature Pres. DC (bar) Pressure (bar)   Constr. rmsd
    3.05189e+02   -1.96532e+02   -9.29511e+01    1.56088e-06

           Step           Time
          46500       93.00000

   Energies (kJ/mol)
           Bond          Angle    Proper Dih. Ryckaert-Bell.          LJ-14
    6.15908e+01    2.13851e+02    1.99707e+01    1.30838e+02    1.48718e+02
     Coulomb-14        LJ (SR)  Disper. corr.   Coulomb (SR)   Coul. recip.
    1.86628e+03    1.04636e+04   -6.10623e+02   -8.10632e+04    4.37819e+02
 Position Rest.      Potential    Kinetic En.   Total Energy  Conserved En.
    2.22316e+01   -6.83089e+04    1.29359e+04   -5.53730e+04   -5.49309e+04
    Temperature Pres. DC (bar) Pressure (bar)   Constr. rmsd
    3.03933e+02   -1.99497e+02    3.81753e+02    2.85488e-06

           Step           Time
          47000       94.00000

   Energies (kJ/mol)
           Bond          Angle    Proper Dih. Ryckaert-Bell.          LJ-14
    6.16552e+01    1.95290e+02    1.17721e+01    1.14700e+02    1.35485e+02
     Coulomb-14        LJ (SR)  Disper. corr.   Coulomb (SR)   Coul. recip.
    1.85992e+03    1.02589e+04   -5.98916e+02   -8.04423e+04    4.55790e+02
 Position Rest.      Potential    Kinetic En.   Total Energy  Conserved En.
    2.42628e+01   -6.79234e+04    1.27974e+04   -5.51261e+04   -5.49380e+04
    Temperature Pres. DC (bar) Pressure (bar)   Constr. rmsd
    3.00678e+02   -1.91930e+02   -2.55329e+02    4.10103e-06

           Step           Time
          47500       95.00000

   Energies (kJ/mol)
           Bond          Angle    Proper Dih. Ryckaert-Bell.          LJ-14
    6.68995e+01    2.22002e+02    1.34651e+01    1.30032e+02    1.44654e+02
     Coulomb-14        LJ (SR)  Disper. corr.   Coulomb (SR)   Coul. recip.
    1.85694e+03    1.02993e+04   -6.04930e+02   -8.06531e+04    4.38006e+02
 Position Rest.      Potential    Kinetic En.   Total Energy  Conserved En.
    2.79589e+01   -6.80588e+04    1.28931e+04   -5.51657e+04   -5.49364e+04
    Temperature Pres. DC (bar) Pressure (bar)   Constr. rmsd
    3.02927e+02   -1.95799e+02   -8.09679e+00    3.17510e-06

           Step           Time
          48000       96.00000

   Energies (kJ/mol)
           Bond          Angle    Proper Dih. Ryckaert-Bell.          LJ-14
    5.89082e+01    1.88020e+02    7.11370e+00    1.07124e+02    1.45406e+02
     Coulomb-14        LJ (SR)  Disper. corr.   Coulomb (SR)   Coul. recip.
    1.87620e+03    1.02110e+04   -6.04251e+02   -8.07858e+04    4.06764e+02
 Position Rest.      Potential    Kinetic En.   Total Energy  Conserved En.
    4.54455e+01   -6.83440e+04    1.26043e+04   -5.57397e+04   -5.49376e+04
    Temperature Pres. DC (bar) Pressure (bar)   Constr. rmsd
    2.96142e+02   -1.95360e+02   -1.52418e+02    3.98184e-06

           Step           Time
          48500       97.00000

   Energies (kJ/mol)
           Bond          Angle    Proper Dih. Ryckaert-Bell.          LJ-14
    8.51570e+01    2.16138e+02    6.73611e+00    1.09588e+02    1.26071e+02
     Coulomb-14        LJ (SR)  Disper. corr.   Coulomb (SR)   Coul. recip.
    1.86440e+03    1.00639e+04   -5.92266e+02   -7.99976e+04    4.80430e+02
 Position Rest.      Potential    Kinetic En.   Total Energy  Conserved En.
    2.13227e+01   -6.76161e+04    1.30010e+04   -5.46151e+04   -5.49395e+04
    Temperature Pres. DC (bar) Pressure (bar)   Constr. rmsd
    3.05462e+02   -1.87697e+02   -3.38809e+02    3.30969e-06

           Step           Time
          49000       98.00000

   Energies (kJ/mol)
           Bond          Angle    Proper Dih. Ryckaert-Bell.          LJ-14
    7.60935e+01    1.92493e+02    9.83648e+00    1.17097e+02    1.45126e+02
     Coulomb-14        LJ (SR)  Disper. corr.   Coulomb (SR)   Coul. recip.
    1.87772e+03    1.05624e+04   -6.07624e+02   -8.12181e+04    4.40761e+02
 Position Rest.      Potential    Kinetic En.   Total Energy  Conserved En.
    3.62634e+01   -6.83679e+04    1.26186e+04   -5.57493e+04   -5.49387e+04
    Temperature Pres. DC (bar) Pressure (bar)   Constr. rmsd
    2.96476e+02   -1.97545e+02    2.18098e+02    2.96158e-06

           Step           Time
          49500       99.00000

   Energies (kJ/mol)
           Bond          Angle    Proper Dih. Ryckaert-Bell.          LJ-14
    7.10502e+01    2.47567e+02    1.17232e+01    1.05000e+02    1.53815e+02
     Coulomb-14        LJ (SR)  Disper. corr.   Coulomb (SR)   Coul. recip.
    1.86937e+03    1.03532e+04   -5.99842e+02   -8.06745e+04    4.62105e+02
 Position Rest.      Potential    Kinetic En.   Total Energy  Conserved En.
    4.31159e+01   -6.79574e+04    1.30018e+04   -5.49556e+04   -5.49316e+04
    Temperature Pres. DC (bar) Pressure (bar)   Constr. rmsd
    3.05481e+02   -1.92523e+02    3.25280e+01    2.73737e-06

           Step           Time
          50000      100.00000

Writing checkpoint, step 50000 at Tue Jun  4 09:27:28 2024


   Energies (kJ/mol)
           Bond          Angle    Proper Dih. Ryckaert-Bell.          LJ-14
    5.31488e+01    1.54055e+02    6.10785e+00    1.17012e+02    1.56150e+02
     Coulomb-14        LJ (SR)  Disper. corr.   Coulomb (SR)   Coul. recip.
    1.87663e+03    1.07991e+04   -6.11999e+02   -8.18479e+04    4.37058e+02
 Position Rest.      Potential    Kinetic En.   Total Energy  Conserved En.
    4.89642e+01   -6.88117e+04    1.27760e+04   -5.60357e+04   -5.49367e+04
    Temperature Pres. DC (bar) Pressure (bar)   Constr. rmsd
    3.00175e+02   -2.00396e+02    4.75949e+02    1.87895e-06


Energy conservation over simulation part #1 of length 100 ps, time 0 to 100 ps
  Conserved energy drift: -7.72e-05 kJ/mol/ps per atom


	<======  ###############  ==>
	<====  A V E R A G E S  ====>
	<==  ###############  ======>

	Statistics over 50001 steps using 501 frames

   Energies (kJ/mol)
           Bond          Angle    Proper Dih. Ryckaert-Bell.          LJ-14
    6.94057e+01    1.83594e+02    1.34094e+01    1.19685e+02    1.48691e+02
     Coulomb-14        LJ (SR)  Disper. corr.   Coulomb (SR)   Coul. recip.
    1.86925e+03    1.03146e+04   -6.04062e+02   -8.08562e+04    4.45229e+02
 Position Rest.      Potential    Kinetic En.   Total Energy  Conserved En.
    3.38368e+01   -6.82625e+04    1.27763e+04   -5.54862e+04   -5.49139e+04
    Temperature Pres. DC (bar) Pressure (bar)   Constr. rmsd
    3.00183e+02   -1.95251e+02    1.43652e+01    0.00000e+00

          Box-X          Box-Y          Box-Z
    3.71909e+00    3.71909e+00    3.71909e+00

   Total Virial (kJ/mol)
    4.28193e+03   -2.12417e+01    1.38408e+01
   -2.12413e+01    4.20653e+03    5.30182e+01
    1.38597e+01    5.30069e+01    4.22672e+03

   Pressure (bar)
   -1.06355e+01    1.54598e+01   -1.02648e+01
    1.54596e+01    3.62000e+01   -3.05934e+01
   -1.02771e+01   -3.05861e+01    1.75311e+01

      T-Protein  T-non-Protein
    3.01553e+02    3.00148e+02


	M E G A - F L O P S   A C C O U N T I N G

 NB=Group-cutoff nonbonded kernels    NxN=N-by-N cluster Verlet kernels
 RF=Reaction-Field  VdW=Van der Waals  QSTab=quadratic-spline table
 W3=SPC/TIP3p  W4=TIP4p (single or pairs)
 V&F=Potential and force  V=Potential only  F=Force only

 Computing:                               M-Number         M-Flops  % Flops
-----------------------------------------------------------------------------
 Pair Search distance check             248.002048        2232.018     0.0
 NxN Ewald Elec. + LJ [F]            243525.674304    16072694.504    98.1
 NxN Ewald Elec. + LJ [V&F]            2464.823872      263736.154     1.6
 1,4 nonbonded interactions              12.450249        1120.522     0.0
 Shift-X                                  2.552595          15.316     0.0
 Bonds                                    2.500050         147.503     0.0
 Angles                                   9.150183        1537.231     0.0
 Propers                                  0.950019         217.554     0.0
 RB-Dihedrals                             8.750175        2161.293     0.0
 Pos. Restr.                              2.550051         127.503     0.0
 Virial                                  25.705140         462.693     0.0
 Stop-CM                                  2.552595          25.526     0.0
 Calc-Ekin                               50.960190        1375.925     0.0
 Lincs                                    2.600052         156.003     0.0
 Lincs-Mat                               19.800396          79.202     0.0
 Constraint-V                           254.805096        2293.246     0.0
 Constraint-Vir                          25.225044         605.401     0.0
 Settle                                  83.201664       30784.616     0.2
-----------------------------------------------------------------------------
 Total                                                16379772.210   100.0
-----------------------------------------------------------------------------


     R E A L   C Y C L E   A N D   T I M E   A C C O U N T I N G

On 1 MPI rank, each using 4 OpenMP threads

 Computing:          Num   Num      Call    Wall time         Giga-Cycles
                     Ranks Threads  Count      (s)         total sum    %
-----------------------------------------------------------------------------
 Neighbor search        1    4        501       0.373          4.191   3.0
 Launch GPU ops.        1    4      50001       2.328         26.153  19.0
 Force                  1    4      50001       0.666          7.476   5.4
 Wait PME GPU gather    1    4      50001       2.324         26.098  19.0
 Reduce GPU PME F       1    4      50001       0.238          2.671   1.9
 Wait GPU NB local                              2.174         24.421  17.8
 NB X/F buffer ops.     1    4      99501       0.779          8.751   6.4
 Write traj.            1    4        101       0.442          4.969   3.6
 Update                 1    4      50001       0.344          3.863   2.8
 Constraints            1    4      50001       0.654          7.343   5.3
 Rest                                           1.924         21.613  15.7
-----------------------------------------------------------------------------
 Total                                         12.246        137.549 100.0
-----------------------------------------------------------------------------

               Core t (s)   Wall t (s)        (%)
       Time:       48.983       12.246      400.0
                 (ns/day)    (hour/ns)
Performance:      705.543        0.034
Finished mdrun on rank 0 Tue Jun  4 09:27:28 2024

